<?xml version="1.0" encoding="UTF-8"?>
<TestRun id="a2f1ca90-f467-4f8e-8d03-6da1913aad1d" name="UITest@UITEST-PC 2019-04-17 17:48:36" runUser="UITEST-PC\UITest" xmlns="http://microsoft.com/schemas/VisualStudio/TeamTest/2010">
  <TestSettings name="Default Test Settings" id="b7917a4c-6fef-4e62-baf7-c29c1b0bfa17">
    <Deployment userDeploymentRoot="D:\Jenkins\workspace\Vbi5Client-Release" useDefaultDeploymentRoot="false" runDeploymentRoot="UITest_UITEST-PC 2019-04-17 17_48_36" />
    <Execution>
      <TestTypeSpecific />
      <AgentRule name="Execution Agents">
      </AgentRule>
    </Execution>
    <Properties />
  </TestSettings>
  <Times creation="2019-04-17T17:48:36.3079683+08:00" queuing="2019-04-17T17:48:36.5266614+08:00" start="2019-04-17T17:48:36.5911968+08:00" finish="2019-04-17T17:48:37.4958206+08:00" />
  <ResultSummary outcome="Failed">
    <Counters total="134" executed="134" error="0" failed="134" timeout="0" aborted="0" inconclusive="0" passedButRunAborted="0" notRunnable="0" notExecuted="0" disconnected="0" warning="0" passed="0" completed="0" inProgress="0" pending="0" />
  </ResultSummary>
  <TestDefinitions>
    <UnitTest name="VectorIcon" storage="..\vbi5client-release\\source\testcase\vbi.testcases.dll" id="e0e38b6c-8686-e4c5-ffa0-ae3a5eaa6f23">
      <Description>基础图形--矢量图标库</Description>
      <Execution id="742c98e8-1ae7-4ab7-9dc5-5a1207911412" />
      <TestMethod codeBase="D:/Jenkins/workspace/Vbi5Client-Release/source/TestCase/VBI.TestCases.DLL" adapterTypeName="Microsoft.VisualStudio.TestTools.TestTypes.Unit.UnitTestAdapter, Microsoft.VisualStudio.QualityTools.Tips.UnitTest.Adapter, Version=16.0.0.0, Culture=neutral, PublicKeyToken=b03f5f7f11d50a3a" className="VBI.TestCases.ControlTest.BaseGraphics, VBI.TestCases, Version=1.0.0.0, Culture=neutral, PublicKeyToken=null" name="VectorIcon" />
    </UnitTest>
    <UnitTest name="AnnularTree" storage="..\vbi5client-release\\source\testcase\vbi.testcases.dll" id="073fbc2f-807a-21d7-ae39-b82a9de427e7">
      <Description>基础控件--环形树</Description>
      <Execution id="5780c9b6-0827-4ea6-9d82-38dc69c892aa" />
      <TestMethod codeBase="D:/Jenkins/workspace/Vbi5Client-Release/source/TestCase/VBI.TestCases.DLL" adapterTypeName="Microsoft.VisualStudio.TestTools.TestTypes.Unit.UnitTestAdapter, Microsoft.VisualStudio.QualityTools.Tips.UnitTest.Adapter, Version=16.0.0.0, Culture=neutral, PublicKeyToken=b03f5f7f11d50a3a" className="VBI.TestCases.ControlTest.BasicChart, VBI.TestCases, Version=1.0.0.0, Culture=neutral, PublicKeyToken=null" name="AnnularTree" />
    </UnitTest>
    <UnitTest name="MySqlFilter" storage="..\vbi5client-release\\source\testcase\vbi.testcases.dll" id="270fae6f-5a94-92ff-3590-436609c8f54b">
      <Description>mysql数据模型筛选</Description>
      <Execution id="1b5e5fa4-0042-4fcd-9c84-4bcf59ce801e" />
      <TestMethod codeBase="D:/Jenkins/workspace/Vbi5Client-Release/source/TestCase/VBI.TestCases.DLL" adapterTypeName="Microsoft.VisualStudio.TestTools.TestTypes.Unit.UnitTestAdapter, Microsoft.VisualStudio.QualityTools.Tips.UnitTest.Adapter, Version=16.0.0.0, Culture=neutral, PublicKeyToken=b03f5f7f11d50a3a" className="VBI.TestCases.DataModleTest.DataModelRelevance, VBI.TestCases, Version=1.0.0.0, Culture=neutral, PublicKeyToken=null" name="MySqlFilter" />
    </UnitTest>
    <UnitTest name="LineShapeChartProperty" storage="..\vbi5client-release\\source\testcase\vbi.testcases.dll" id="191d19d1-fbc7-b229-d8f1-7a360ba7164a">
      <Description>基础控件--条形图属性</Description>
      <Execution id="b2ee60d7-c403-4886-b34d-285b3dd42a58" />
      <TestMethod codeBase="D:/Jenkins/workspace/Vbi5Client-Release/source/TestCase/VBI.TestCases.DLL" adapterTypeName="Microsoft.VisualStudio.TestTools.TestTypes.Unit.UnitTestAdapter, Microsoft.VisualStudio.QualityTools.Tips.UnitTest.Adapter, Version=16.0.0.0, Culture=neutral, PublicKeyToken=b03f5f7f11d50a3a" className="VBI.TestCases.ControlTest.BasicChart, VBI.TestCases, Version=1.0.0.0, Culture=neutral, PublicKeyToken=null" name="LineShapeChartProperty" />
    </UnitTest>
    <UnitTest name="TimeAxis1" storage="..\vbi5client-release\\source\testcase\vbi.testcases.dll" id="c3805cdc-bc4e-7421-780c-51811325d0a5">
      <Description>基础控件--时间轴</Description>
      <Execution id="b7053f19-7996-444f-9ef0-ac6064cfd512" />
      <TestMethod codeBase="D:/Jenkins/workspace/Vbi5Client-Release/source/TestCase/VBI.TestCases.DLL" adapterTypeName="Microsoft.VisualStudio.TestTools.TestTypes.Unit.UnitTestAdapter, Microsoft.VisualStudio.QualityTools.Tips.UnitTest.Adapter, Version=16.0.0.0, Culture=neutral, PublicKeyToken=b03f5f7f11d50a3a" className="VBI.TestCases.ControlTest.BaseControl, VBI.TestCases, Version=1.0.0.0, Culture=neutral, PublicKeyToken=null" name="TimeAxis1" />
    </UnitTest>
    <UnitTest name="LayerControl" storage="..\vbi5client-release\\source\testcase\vbi.testcases.dll" id="5c075d1b-7698-6a48-c6de-5c211210fa5e">
      <Description>操作器--图层控制</Description>
      <Execution id="6ee4db97-78e5-4112-9208-e4be249885b2" />
      <TestMethod codeBase="D:/Jenkins/workspace/Vbi5Client-Release/source/TestCase/VBI.TestCases.DLL" adapterTypeName="Microsoft.VisualStudio.TestTools.TestTypes.Unit.UnitTestAdapter, Microsoft.VisualStudio.QualityTools.Tips.UnitTest.Adapter, Version=16.0.0.0, Culture=neutral, PublicKeyToken=b03f5f7f11d50a3a" className="VBI.TestCases.ControlTest.Operator, VBI.TestCases, Version=1.0.0.0, Culture=neutral, PublicKeyToken=null" name="LayerControl" />
    </UnitTest>
    <UnitTest name="FourQuadrant" storage="..\vbi5client-release\\source\testcase\vbi.testcases.dll" id="6dd8d4d8-cbf9-a174-1784-5f4a27a43c7a">
      <Description>综合图表--四象限</Description>
      <Execution id="e02bc0ea-e30a-4301-ae21-53836f3b5362" />
      <TestMethod codeBase="D:/Jenkins/workspace/Vbi5Client-Release/source/TestCase/VBI.TestCases.DLL" adapterTypeName="Microsoft.VisualStudio.TestTools.TestTypes.Unit.UnitTestAdapter, Microsoft.VisualStudio.QualityTools.Tips.UnitTest.Adapter, Version=16.0.0.0, Culture=neutral, PublicKeyToken=b03f5f7f11d50a3a" className="VBI.TestCases.ControlTest.IntegratedChartUIControl, VBI.TestCases, Version=1.0.0.0, Culture=neutral, PublicKeyToken=null" name="FourQuadrant" />
    </UnitTest>
    <UnitTest name="AreaChart3" storage="..\vbi5client-release\\source\testcase\vbi.testcases.dll" id="a9277e6c-9aa6-3d95-5162-496c06f9635d">
      <Description>基础控件--面积图3</Description>
      <Execution id="7a33e86a-1f47-465c-8729-2c586f9de064" />
      <TestMethod codeBase="D:/Jenkins/workspace/Vbi5Client-Release/source/TestCase/VBI.TestCases.DLL" adapterTypeName="Microsoft.VisualStudio.TestTools.TestTypes.Unit.UnitTestAdapter, Microsoft.VisualStudio.QualityTools.Tips.UnitTest.Adapter, Version=16.0.0.0, Culture=neutral, PublicKeyToken=b03f5f7f11d50a3a" className="VBI.TestCases.ControlTest.BasicChart, VBI.TestCases, Version=1.0.0.0, Culture=neutral, PublicKeyToken=null" name="AreaChart3" />
    </UnitTest>
    <UnitTest name="RosePieChart" storage="..\vbi5client-release\\source\testcase\vbi.testcases.dll" id="a72ce8ef-9b0e-11fb-a70a-194f8b7e00b8">
      <Description>基础控件--玫瑰饼图</Description>
      <Execution id="1982b76d-ccf7-420a-b264-3ab8afd49ab8" />
      <TestMethod codeBase="D:/Jenkins/workspace/Vbi5Client-Release/source/TestCase/VBI.TestCases.DLL" adapterTypeName="Microsoft.VisualStudio.TestTools.TestTypes.Unit.UnitTestAdapter, Microsoft.VisualStudio.QualityTools.Tips.UnitTest.Adapter, Version=16.0.0.0, Culture=neutral, PublicKeyToken=b03f5f7f11d50a3a" className="VBI.TestCases.ControlTest.BasicChart, VBI.TestCases, Version=1.0.0.0, Culture=neutral, PublicKeyToken=null" name="RosePieChart" />
    </UnitTest>
    <UnitTest name="BubbleListChartForceSort" storage="..\vbi5client-release\\source\testcase\vbi.testcases.dll" id="e1b6fad5-5d92-94da-0442-48148b431154">
      <Description>综合图表--泡泡列表强制排序</Description>
      <Execution id="44148c60-eadf-49cb-9fda-ebcf0baaedec" />
      <TestMethod codeBase="D:/Jenkins/workspace/Vbi5Client-Release/source/TestCase/VBI.TestCases.DLL" adapterTypeName="Microsoft.VisualStudio.TestTools.TestTypes.Unit.UnitTestAdapter, Microsoft.VisualStudio.QualityTools.Tips.UnitTest.Adapter, Version=16.0.0.0, Culture=neutral, PublicKeyToken=b03f5f7f11d50a3a" className="VBI.TestCases.ControlTest.IntegratedChartUIControl, VBI.TestCases, Version=1.0.0.0, Culture=neutral, PublicKeyToken=null" name="BubbleListChartForceSort" />
    </UnitTest>
    <UnitTest name="BarStackChart" storage="..\vbi5client-release\\source\testcase\vbi.testcases.dll" id="a04939d6-5c46-c0e0-075c-0e0c895d115b">
      <Description>基础控件--柱状堆叠</Description>
      <Execution id="c94acbfe-a068-4d7d-af95-003b50fec701" />
      <TestMethod codeBase="D:/Jenkins/workspace/Vbi5Client-Release/source/TestCase/VBI.TestCases.DLL" adapterTypeName="Microsoft.VisualStudio.TestTools.TestTypes.Unit.UnitTestAdapter, Microsoft.VisualStudio.QualityTools.Tips.UnitTest.Adapter, Version=16.0.0.0, Culture=neutral, PublicKeyToken=b03f5f7f11d50a3a" className="VBI.TestCases.ControlTest.BasicChart, VBI.TestCases, Version=1.0.0.0, Culture=neutral, PublicKeyToken=null" name="BarStackChart" />
    </UnitTest>
    <UnitTest name="PictureDelete" storage="..\vbi5client-release\\source\testcase\vbi.testcases.dll" id="6e118ffa-978b-e9b5-d130-b70fb1a70a34">
      <Description>画面删除</Description>
      <Execution id="4b0f2244-f8b2-4652-886e-cbe8ea255bf5" />
      <TestMethod codeBase="D:/Jenkins/workspace/Vbi5Client-Release/source/TestCase/VBI.TestCases.DLL" adapterTypeName="Microsoft.VisualStudio.TestTools.TestTypes.Unit.UnitTestAdapter, Microsoft.VisualStudio.QualityTools.Tips.UnitTest.Adapter, Version=16.0.0.0, Culture=neutral, PublicKeyToken=b03f5f7f11d50a3a" className="VBI.TestCases.CanvasTest.CanvasTest, VBI.TestCases, Version=1.0.0.0, Culture=neutral, PublicKeyToken=null" name="PictureDelete" />
    </UnitTest>
    <UnitTest name="Thermometer" storage="..\vbi5client-release\\source\testcase\vbi.testcases.dll" id="904ad3d3-c783-0345-3c31-c9b1ca986928">
      <Description>仪表进度控件--温度计</Description>
      <Execution id="6d06ba34-6353-40a4-966a-ed31c9af1d85" />
      <TestMethod codeBase="D:/Jenkins/workspace/Vbi5Client-Release/source/TestCase/VBI.TestCases.DLL" adapterTypeName="Microsoft.VisualStudio.TestTools.TestTypes.Unit.UnitTestAdapter, Microsoft.VisualStudio.QualityTools.Tips.UnitTest.Adapter, Version=16.0.0.0, Culture=neutral, PublicKeyToken=b03f5f7f11d50a3a" className="VBI.TestCases.ControlTest.InstrumentProgress, VBI.TestCases, Version=1.0.0.0, Culture=neutral, PublicKeyToken=null" name="Thermometer" />
    </UnitTest>
    <UnitTest name="BubbleChart" storage="..\vbi5client-release\\source\testcase\vbi.testcases.dll" id="5b06e613-4d9b-5b9a-2b72-0ab1ee433d65">
      <Description>基础控件--泡泡图</Description>
      <Execution id="403a1024-6bb2-4d6a-89f0-24e1780fcad5" />
      <TestMethod codeBase="D:/Jenkins/workspace/Vbi5Client-Release/source/TestCase/VBI.TestCases.DLL" adapterTypeName="Microsoft.VisualStudio.TestTools.TestTypes.Unit.UnitTestAdapter, Microsoft.VisualStudio.QualityTools.Tips.UnitTest.Adapter, Version=16.0.0.0, Culture=neutral, PublicKeyToken=b03f5f7f11d50a3a" className="VBI.TestCases.ControlTest.BasicChart, VBI.TestCases, Version=1.0.0.0, Culture=neutral, PublicKeyToken=null" name="BubbleChart" />
    </UnitTest>
    <UnitTest name="DataAxis" storage="..\vbi5client-release\\source\testcase\vbi.testcases.dll" id="6e73446a-f7f5-7d54-3cfa-63566ec5d4f5">
      <Description>基础控件--数据轴</Description>
      <Execution id="5b210d05-7cfb-43c8-b9ae-eba8d9f651b1" />
      <TestMethod codeBase="D:/Jenkins/workspace/Vbi5Client-Release/source/TestCase/VBI.TestCases.DLL" adapterTypeName="Microsoft.VisualStudio.TestTools.TestTypes.Unit.UnitTestAdapter, Microsoft.VisualStudio.QualityTools.Tips.UnitTest.Adapter, Version=16.0.0.0, Culture=neutral, PublicKeyToken=b03f5f7f11d50a3a" className="VBI.TestCases.ControlTest.BaseControl, VBI.TestCases, Version=1.0.0.0, Culture=neutral, PublicKeyToken=null" name="DataAxis" />
    </UnitTest>
    <UnitTest name="Rectangle" storage="..\vbi5client-release\\source\testcase\vbi.testcases.dll" id="75bf1358-9561-f0c1-56c9-c82f46089d31">
      <Description>基础图形--矩形</Description>
      <Execution id="a8dbeaaa-c165-4ea0-af65-d7eb3e2a7165" />
      <TestMethod codeBase="D:/Jenkins/workspace/Vbi5Client-Release/source/TestCase/VBI.TestCases.DLL" adapterTypeName="Microsoft.VisualStudio.TestTools.TestTypes.Unit.UnitTestAdapter, Microsoft.VisualStudio.QualityTools.Tips.UnitTest.Adapter, Version=16.0.0.0, Culture=neutral, PublicKeyToken=b03f5f7f11d50a3a" className="VBI.TestCases.ControlTest.BaseGraphics, VBI.TestCases, Version=1.0.0.0, Culture=neutral, PublicKeyToken=null" name="Rectangle" />
    </UnitTest>
    <UnitTest name="DiffSourceUnion" storage="..\vbi5client-release\\source\testcase\vbi.testcases.dll" id="337c4ecf-857f-0458-1dfa-ab3b9bd52aa1">
      <Description>不同数据源多表Union模型</Description>
      <Execution id="abc4e6c2-683a-481a-8857-dabe94053954" />
      <TestMethod codeBase="D:/Jenkins/workspace/Vbi5Client-Release/source/TestCase/VBI.TestCases.DLL" adapterTypeName="Microsoft.VisualStudio.TestTools.TestTypes.Unit.UnitTestAdapter, Microsoft.VisualStudio.QualityTools.Tips.UnitTest.Adapter, Version=16.0.0.0, Culture=neutral, PublicKeyToken=b03f5f7f11d50a3a" className="VBI.TestCases.DataModleTest.DataModelRelevance, VBI.TestCases, Version=1.0.0.0, Culture=neutral, PublicKeyToken=null" name="DiffSourceUnion" />
    </UnitTest>
    <UnitTest name="HighSpeedBrowser" storage="..\vbi5client-release\\source\testcase\vbi.testcases.dll" id="f4b1d073-3297-d0c1-4c2b-dffce1fb0b7c">
      <Description>基础控件--高速浏览器</Description>
      <Execution id="76d862c8-e54e-4fd1-9919-ee4d262e92e9" />
      <TestMethod codeBase="D:/Jenkins/workspace/Vbi5Client-Release/source/TestCase/VBI.TestCases.DLL" adapterTypeName="Microsoft.VisualStudio.TestTools.TestTypes.Unit.UnitTestAdapter, Microsoft.VisualStudio.QualityTools.Tips.UnitTest.Adapter, Version=16.0.0.0, Culture=neutral, PublicKeyToken=b03f5f7f11d50a3a" className="VBI.TestCases.ControlTest.BaseControl, VBI.TestCases, Version=1.0.0.0, Culture=neutral, PublicKeyToken=null" name="HighSpeedBrowser" />
    </UnitTest>
    <UnitTest name="Pareto1" storage="..\vbi5client-release\\source\testcase\vbi.testcases.dll" id="f42daaaf-0547-bf75-1797-1b91d6055809">
      <Description>综合图表--帕累托图1</Description>
      <Execution id="f801af11-49dc-42fa-9809-4d99348d900f" />
      <TestMethod codeBase="D:/Jenkins/workspace/Vbi5Client-Release/source/TestCase/VBI.TestCases.DLL" adapterTypeName="Microsoft.VisualStudio.TestTools.TestTypes.Unit.UnitTestAdapter, Microsoft.VisualStudio.QualityTools.Tips.UnitTest.Adapter, Version=16.0.0.0, Culture=neutral, PublicKeyToken=b03f5f7f11d50a3a" className="VBI.TestCases.ControlTest.IntegratedChartUIControl, VBI.TestCases, Version=1.0.0.0, Culture=neutral, PublicKeyToken=null" name="Pareto1" />
    </UnitTest>
    <UnitTest name="RestfulTest" storage="..\vbi5client-release\\source\testcase\vbi.testcases.dll" id="4e13189b-9889-a8f6-ee30-ef538c715934">
      <Description>Restful接口数据源创建</Description>
      <Execution id="4abe6dbc-e328-41d1-824c-6cb148eef5bd" />
      <TestMethod codeBase="D:/Jenkins/workspace/Vbi5Client-Release/source/TestCase/VBI.TestCases.DLL" adapterTypeName="Microsoft.VisualStudio.TestTools.TestTypes.Unit.UnitTestAdapter, Microsoft.VisualStudio.QualityTools.Tips.UnitTest.Adapter, Version=16.0.0.0, Culture=neutral, PublicKeyToken=b03f5f7f11d50a3a" className="VBI.TestCases.DataSourceTest.InterfaceSourceTest, VBI.TestCases, Version=1.0.0.0, Culture=neutral, PublicKeyToken=null" name="RestfulTest" />
    </UnitTest>
    <UnitTest name="HighSpeedBrowser1" storage="..\vbi5client-release\\source\testcase\vbi.testcases.dll" id="38056321-4f4b-82d2-3fbd-6ae99ac3e196">
      <Description>基础控件--高速浏览器1</Description>
      <Execution id="98ecd995-eefb-448f-9701-a2f167914814" />
      <TestMethod codeBase="D:/Jenkins/workspace/Vbi5Client-Release/source/TestCase/VBI.TestCases.DLL" adapterTypeName="Microsoft.VisualStudio.TestTools.TestTypes.Unit.UnitTestAdapter, Microsoft.VisualStudio.QualityTools.Tips.UnitTest.Adapter, Version=16.0.0.0, Culture=neutral, PublicKeyToken=b03f5f7f11d50a3a" className="VBI.TestCases.ControlTest.BaseControl, VBI.TestCases, Version=1.0.0.0, Culture=neutral, PublicKeyToken=null" name="HighSpeedBrowser1" />
    </UnitTest>
    <UnitTest name="CakeCol" storage="..\vbi5client-release\\source\testcase\vbi.testcases.dll" id="22e22d4e-efc7-b40d-480d-f1722deb8075">
      <Description>仪表进度控件--饼柱图</Description>
      <Execution id="813ed11c-a14e-40a8-b58a-c63c0dba1612" />
      <TestMethod codeBase="D:/Jenkins/workspace/Vbi5Client-Release/source/TestCase/VBI.TestCases.DLL" adapterTypeName="Microsoft.VisualStudio.TestTools.TestTypes.Unit.UnitTestAdapter, Microsoft.VisualStudio.QualityTools.Tips.UnitTest.Adapter, Version=16.0.0.0, Culture=neutral, PublicKeyToken=b03f5f7f11d50a3a" className="VBI.TestCases.ControlTest.IntegratedChartUIControl, VBI.TestCases, Version=1.0.0.0, Culture=neutral, PublicKeyToken=null" name="CakeCol" />
    </UnitTest>
    <UnitTest name="MongoDB1" storage="..\vbi5client-release\\source\testcase\vbi.testcases.dll" id="22602b5c-39f9-79be-40a5-aa1a88e2721b">
      <Description>MongoDB查询条件</Description>
      <Execution id="dc5ef7c1-b065-4e2e-90df-5ed77968a950" />
      <TestMethod codeBase="D:/Jenkins/workspace/Vbi5Client-Release/source/TestCase/VBI.TestCases.DLL" adapterTypeName="Microsoft.VisualStudio.TestTools.TestTypes.Unit.UnitTestAdapter, Microsoft.VisualStudio.QualityTools.Tips.UnitTest.Adapter, Version=16.0.0.0, Culture=neutral, PublicKeyToken=b03f5f7f11d50a3a" className="VBI.TestCases.DataSourceTest.InterfaceSourceTest, VBI.TestCases, Version=1.0.0.0, Culture=neutral, PublicKeyToken=null" name="MongoDB1" />
    </UnitTest>
    <UnitTest name="PostSql" storage="..\vbi5client-release\\source\testcase\vbi.testcases.dll" id="898af356-fa9f-5ceb-f68d-6c89ed4e3e1a">
      <Description>PostSql</Description>
      <Execution id="b628d97a-51d5-432a-a5b9-f719989265e1" />
      <TestMethod codeBase="D:/Jenkins/workspace/Vbi5Client-Release/source/TestCase/VBI.TestCases.DLL" adapterTypeName="Microsoft.VisualStudio.TestTools.TestTypes.Unit.UnitTestAdapter, Microsoft.VisualStudio.QualityTools.Tips.UnitTest.Adapter, Version=16.0.0.0, Culture=neutral, PublicKeyToken=b03f5f7f11d50a3a" className="VBI.TestCases.DataSourceTest.RdbTypeSourceTest, VBI.TestCases, Version=1.0.0.0, Culture=neutral, PublicKeyToken=null" name="PostSql" />
    </UnitTest>
    <UnitTest name="DiffSheetSameFieldRelevant" storage="..\vbi5client-release\\source\testcase\vbi.testcases.dll" id="b31e40d6-5119-391c-459b-229bf96c5355">
      <Description>同表字段关联</Description>
      <Execution id="e3e29632-e5e2-4a61-9655-503051386c8a" />
      <TestMethod codeBase="D:/Jenkins/workspace/Vbi5Client-Release/source/TestCase/VBI.TestCases.DLL" adapterTypeName="Microsoft.VisualStudio.TestTools.TestTypes.Unit.UnitTestAdapter, Microsoft.VisualStudio.QualityTools.Tips.UnitTest.Adapter, Version=16.0.0.0, Culture=neutral, PublicKeyToken=b03f5f7f11d50a3a" className="VBI.TestCases.DataModleTest.DataModelRelevance, VBI.TestCases, Version=1.0.0.0, Culture=neutral, PublicKeyToken=null" name="DiffSheetSameFieldRelevant" />
    </UnitTest>
    <UnitTest name="SQLserver" storage="..\vbi5client-release\\source\testcase\vbi.testcases.dll" id="9b21bcfe-5793-fe4c-c043-c0bd80ba68e3">
      <Description>SQLserver</Description>
      <Execution id="d5b74cb5-2e2d-4707-848d-a42a99bdbdd6" />
      <TestMethod codeBase="D:/Jenkins/workspace/Vbi5Client-Release/source/TestCase/VBI.TestCases.DLL" adapterTypeName="Microsoft.VisualStudio.TestTools.TestTypes.Unit.UnitTestAdapter, Microsoft.VisualStudio.QualityTools.Tips.UnitTest.Adapter, Version=16.0.0.0, Culture=neutral, PublicKeyToken=b03f5f7f11d50a3a" className="VBI.TestCases.DataSourceTest.RdbTypeSourceTest, VBI.TestCases, Version=1.0.0.0, Culture=neutral, PublicKeyToken=null" name="SQLserver" />
    </UnitTest>
    <UnitTest name="PieChart1" storage="..\vbi5client-release\\source\testcase\vbi.testcases.dll" id="488fbddc-149f-bdc4-11d8-96d4a10caa9d">
      <Description>基础控件--饼状图</Description>
      <Execution id="ea17fc27-3d13-4374-b9d0-57606578ded6" />
      <TestMethod codeBase="D:/Jenkins/workspace/Vbi5Client-Release/source/TestCase/VBI.TestCases.DLL" adapterTypeName="Microsoft.VisualStudio.TestTools.TestTypes.Unit.UnitTestAdapter, Microsoft.VisualStudio.QualityTools.Tips.UnitTest.Adapter, Version=16.0.0.0, Culture=neutral, PublicKeyToken=b03f5f7f11d50a3a" className="VBI.TestCases.ControlTest.BasicChart, VBI.TestCases, Version=1.0.0.0, Culture=neutral, PublicKeyToken=null" name="PieChart1" />
    </UnitTest>
    <UnitTest name="UrlBandingPicture" storage="..\vbi5client-release\\source\testcase\vbi.testcases.dll" id="3eb2fdf4-1a0a-d91d-a5eb-c587918b4fe5">
      <Description>基础控件--Url图片本地和网络路径绑定</Description>
      <Execution id="29fdbd90-629b-4eb2-9bc4-2a8cff8e559c" />
      <TestMethod codeBase="D:/Jenkins/workspace/Vbi5Client-Release/source/TestCase/VBI.TestCases.DLL" adapterTypeName="Microsoft.VisualStudio.TestTools.TestTypes.Unit.UnitTestAdapter, Microsoft.VisualStudio.QualityTools.Tips.UnitTest.Adapter, Version=16.0.0.0, Culture=neutral, PublicKeyToken=b03f5f7f11d50a3a" className="VBI.TestCases.ControlTest.BaseControl, VBI.TestCases, Version=1.0.0.0, Culture=neutral, PublicKeyToken=null" name="UrlBandingPicture" />
    </UnitTest>
    <UnitTest name="OracleCreatTest" storage="..\vbi5client-release\\source\testcase\vbi.testcases.dll" id="0ffdad0e-c85c-a746-a26e-f0eda3c21a5e">
      <Description>Oracle视图创建</Description>
      <Execution id="f8c32290-a28e-433d-af95-4ef6d92e51b5" />
      <TestMethod codeBase="D:/Jenkins/workspace/Vbi5Client-Release/source/TestCase/VBI.TestCases.DLL" adapterTypeName="Microsoft.VisualStudio.TestTools.TestTypes.Unit.UnitTestAdapter, Microsoft.VisualStudio.QualityTools.Tips.UnitTest.Adapter, Version=16.0.0.0, Culture=neutral, PublicKeyToken=b03f5f7f11d50a3a" className="VBI.TestCases.DataSourceTest.RdbTypeSourceTest, VBI.TestCases, Version=1.0.0.0, Culture=neutral, PublicKeyToken=null" name="OracleCreatTest" />
    </UnitTest>
    <UnitTest name="WaterfallDistribution" storage="..\vbi5client-release\\source\testcase\vbi.testcases.dll" id="5edd9afa-4729-6bba-2093-a89fb849d345">
      <Description>综合图表--瀑布分布</Description>
      <Execution id="78cfd163-1275-4708-a2d8-8573b67bdbdc" />
      <TestMethod codeBase="D:/Jenkins/workspace/Vbi5Client-Release/source/TestCase/VBI.TestCases.DLL" adapterTypeName="Microsoft.VisualStudio.TestTools.TestTypes.Unit.UnitTestAdapter, Microsoft.VisualStudio.QualityTools.Tips.UnitTest.Adapter, Version=16.0.0.0, Culture=neutral, PublicKeyToken=b03f5f7f11d50a3a" className="VBI.TestCases.ControlTest.IntegratedChartUIControl, VBI.TestCases, Version=1.0.0.0, Culture=neutral, PublicKeyToken=null" name="WaterfallDistribution" />
    </UnitTest>
    <UnitTest name="CustomFieldCreateAndModify" storage="..\vbi5client-release\\source\testcase\vbi.testcases.dll" id="264ed948-5310-f9a4-8bf6-e05d3b40ab26">
      <Description>创建多个自定义字段并修改</Description>
      <Execution id="a912f45f-c201-4fe3-a735-bf4904e0d631" />
      <TestMethod codeBase="D:/Jenkins/workspace/Vbi5Client-Release/source/TestCase/VBI.TestCases.DLL" adapterTypeName="Microsoft.VisualStudio.TestTools.TestTypes.Unit.UnitTestAdapter, Microsoft.VisualStudio.QualityTools.Tips.UnitTest.Adapter, Version=16.0.0.0, Culture=neutral, PublicKeyToken=b03f5f7f11d50a3a" className="VBI.TestCases.DataModleTest.DataModelRelevance, VBI.TestCases, Version=1.0.0.0, Culture=neutral, PublicKeyToken=null" name="CustomFieldCreateAndModify" />
    </UnitTest>
    <UnitTest name="CsvSourceDelTest" storage="..\vbi5client-release\\source\testcase\vbi.testcases.dll" id="92b7c303-5495-1275-5f9b-a5760ba7ca0b">
      <Description>CSV数据源新增与删除</Description>
      <Execution id="cf6a44bc-9733-485a-8904-0f929fe790ad" />
      <TestMethod codeBase="D:/Jenkins/workspace/Vbi5Client-Release/source/TestCase/VBI.TestCases.DLL" adapterTypeName="Microsoft.VisualStudio.TestTools.TestTypes.Unit.UnitTestAdapter, Microsoft.VisualStudio.QualityTools.Tips.UnitTest.Adapter, Version=16.0.0.0, Culture=neutral, PublicKeyToken=b03f5f7f11d50a3a" className="VBI.TestCases.DataSourceTest.FileTypeSourceTest, VBI.TestCases, Version=1.0.0.0, Culture=neutral, PublicKeyToken=null" name="CsvSourceDelTest" />
    </UnitTest>
    <UnitTest name="WaterfallStaircase" storage="..\vbi5client-release\\source\testcase\vbi.testcases.dll" id="de957b90-216c-54b5-886e-378ef9175bd8">
      <Description>综合图表--瀑布阶梯</Description>
      <Execution id="d2872a20-76d8-45af-9d81-de49fc15c078" />
      <TestMethod codeBase="D:/Jenkins/workspace/Vbi5Client-Release/source/TestCase/VBI.TestCases.DLL" adapterTypeName="Microsoft.VisualStudio.TestTools.TestTypes.Unit.UnitTestAdapter, Microsoft.VisualStudio.QualityTools.Tips.UnitTest.Adapter, Version=16.0.0.0, Culture=neutral, PublicKeyToken=b03f5f7f11d50a3a" className="VBI.TestCases.ControlTest.IntegratedChartUIControl, VBI.TestCases, Version=1.0.0.0, Culture=neutral, PublicKeyToken=null" name="WaterfallStaircase" />
    </UnitTest>
    <UnitTest name="InternalSourceRightEdit" storage="..\vbi5client-release\\source\testcase\vbi.testcases.dll" id="c2bbd7ab-9eed-d947-7465-b3dd51652265">
      <Description>内置数据源右击复制功能</Description>
      <Execution id="00d48233-42d8-4556-8509-853e8079913b" />
      <TestMethod codeBase="D:/Jenkins/workspace/Vbi5Client-Release/source/TestCase/VBI.TestCases.DLL" adapterTypeName="Microsoft.VisualStudio.TestTools.TestTypes.Unit.UnitTestAdapter, Microsoft.VisualStudio.QualityTools.Tips.UnitTest.Adapter, Version=16.0.0.0, Culture=neutral, PublicKeyToken=b03f5f7f11d50a3a" className="VBI.TestCases.DataSourceTest.InternalSource, VBI.TestCases, Version=1.0.0.0, Culture=neutral, PublicKeyToken=null" name="InternalSourceRightEdit" />
    </UnitTest>
    <UnitTest name="Chord1" storage="..\vbi5client-release\\source\testcase\vbi.testcases.dll" id="ea7fa326-4e0a-453b-5e29-0276737b91f3">
      <Description>基础控件--和弦图</Description>
      <Execution id="a6f97ac9-d14a-4dae-8a82-c3c87c955953" />
      <TestMethod codeBase="D:/Jenkins/workspace/Vbi5Client-Release/source/TestCase/VBI.TestCases.DLL" adapterTypeName="Microsoft.VisualStudio.TestTools.TestTypes.Unit.UnitTestAdapter, Microsoft.VisualStudio.QualityTools.Tips.UnitTest.Adapter, Version=16.0.0.0, Culture=neutral, PublicKeyToken=b03f5f7f11d50a3a" className="VBI.TestCases.ControlTest.BasicChart, VBI.TestCases, Version=1.0.0.0, Culture=neutral, PublicKeyToken=null" name="Chord1" />
    </UnitTest>
    <UnitTest name="SelectBox" storage="..\vbi5client-release\\source\testcase\vbi.testcases.dll" id="bccd30b0-13a6-e2f5-ba9c-2d8c0ebc3490">
      <Description>基础控件--下拉选框</Description>
      <Execution id="3ef0b3b1-5f58-4271-b1e7-a35ac6874a41" />
      <TestMethod codeBase="D:/Jenkins/workspace/Vbi5Client-Release/source/TestCase/VBI.TestCases.DLL" adapterTypeName="Microsoft.VisualStudio.TestTools.TestTypes.Unit.UnitTestAdapter, Microsoft.VisualStudio.QualityTools.Tips.UnitTest.Adapter, Version=16.0.0.0, Culture=neutral, PublicKeyToken=b03f5f7f11d50a3a" className="VBI.TestCases.ControlTest.BaseControl, VBI.TestCases, Version=1.0.0.0, Culture=neutral, PublicKeyToken=null" name="SelectBox" />
    </UnitTest>
    <UnitTest name="TimeAxis" storage="..\vbi5client-release\\source\testcase\vbi.testcases.dll" id="900fdd7c-48a1-b397-888e-b1c295bdfac5">
      <Description>基础控件--时间轴</Description>
      <Execution id="3db0b95b-9468-4ac7-b7de-80f87abea872" />
      <TestMethod codeBase="D:/Jenkins/workspace/Vbi5Client-Release/source/TestCase/VBI.TestCases.DLL" adapterTypeName="Microsoft.VisualStudio.TestTools.TestTypes.Unit.UnitTestAdapter, Microsoft.VisualStudio.QualityTools.Tips.UnitTest.Adapter, Version=16.0.0.0, Culture=neutral, PublicKeyToken=b03f5f7f11d50a3a" className="VBI.TestCases.ControlTest.BaseControl, VBI.TestCases, Version=1.0.0.0, Culture=neutral, PublicKeyToken=null" name="TimeAxis" />
    </UnitTest>
    <UnitTest name="Slipper" storage="..\vbi5client-release\\source\testcase\vbi.testcases.dll" id="c2fd2d32-6a65-d127-7a60-c822dba1d03a">
      <Description>基础控件--滑块选择</Description>
      <Execution id="47c7558b-3ed5-4f08-8083-a3b099940ca8" />
      <TestMethod codeBase="D:/Jenkins/workspace/Vbi5Client-Release/source/TestCase/VBI.TestCases.DLL" adapterTypeName="Microsoft.VisualStudio.TestTools.TestTypes.Unit.UnitTestAdapter, Microsoft.VisualStudio.QualityTools.Tips.UnitTest.Adapter, Version=16.0.0.0, Culture=neutral, PublicKeyToken=b03f5f7f11d50a3a" className="VBI.TestCases.ControlTest.BaseControl, VBI.TestCases, Version=1.0.0.0, Culture=neutral, PublicKeyToken=null" name="Slipper" />
    </UnitTest>
    <UnitTest name="AreaStackChart" storage="..\vbi5client-release\\source\testcase\vbi.testcases.dll" id="dfcdd90d-bab5-8e58-2242-ea70a9d0f6ac">
      <Description>基础控件--面积堆叠</Description>
      <Execution id="642f338a-d1ec-4250-bb4d-c6b2753e8dac" />
      <TestMethod codeBase="D:/Jenkins/workspace/Vbi5Client-Release/source/TestCase/VBI.TestCases.DLL" adapterTypeName="Microsoft.VisualStudio.TestTools.TestTypes.Unit.UnitTestAdapter, Microsoft.VisualStudio.QualityTools.Tips.UnitTest.Adapter, Version=16.0.0.0, Culture=neutral, PublicKeyToken=b03f5f7f11d50a3a" className="VBI.TestCases.ControlTest.BasicChart, VBI.TestCases, Version=1.0.0.0, Culture=neutral, PublicKeyToken=null" name="AreaStackChart" />
    </UnitTest>
    <UnitTest name="ExcelSourceDeleteTest" storage="..\vbi5client-release\\source\testcase\vbi.testcases.dll" id="a9121acb-94c6-4115-e059-bfe6f3887df7">
      <Description>Excel数据源新增与删除</Description>
      <Execution id="757927a0-5e1b-45e0-9d7d-76651cc212c9" />
      <TestMethod codeBase="D:/Jenkins/workspace/Vbi5Client-Release/source/TestCase/VBI.TestCases.DLL" adapterTypeName="Microsoft.VisualStudio.TestTools.TestTypes.Unit.UnitTestAdapter, Microsoft.VisualStudio.QualityTools.Tips.UnitTest.Adapter, Version=16.0.0.0, Culture=neutral, PublicKeyToken=b03f5f7f11d50a3a" className="VBI.TestCases.DataSourceTest.FileTypeSourceTest, VBI.TestCases, Version=1.0.0.0, Culture=neutral, PublicKeyToken=null" name="ExcelSourceDeleteTest" />
    </UnitTest>
    <UnitTest name="MongoDB" storage="..\vbi5client-release\\source\testcase\vbi.testcases.dll" id="788a4673-7f46-1b60-7474-bf0c715cdf2e">
      <Description>MongoDB接口数据源创建</Description>
      <Execution id="980e3d60-9bac-4a75-b18c-86df36ba6679" />
      <TestMethod codeBase="D:/Jenkins/workspace/Vbi5Client-Release/source/TestCase/VBI.TestCases.DLL" adapterTypeName="Microsoft.VisualStudio.TestTools.TestTypes.Unit.UnitTestAdapter, Microsoft.VisualStudio.QualityTools.Tips.UnitTest.Adapter, Version=16.0.0.0, Culture=neutral, PublicKeyToken=b03f5f7f11d50a3a" className="VBI.TestCases.DataSourceTest.InterfaceSourceTest, VBI.TestCases, Version=1.0.0.0, Culture=neutral, PublicKeyToken=null" name="MongoDB" />
    </UnitTest>
    <UnitTest name="SelectBox1" storage="..\vbi5client-release\\source\testcase\vbi.testcases.dll" id="c646f378-be2b-ba56-689f-777970e3c4b0">
      <Description>基础控件--下拉选框1</Description>
      <Execution id="fdfec0ce-87e7-475f-9ae6-7118aade8874" />
      <TestMethod codeBase="D:/Jenkins/workspace/Vbi5Client-Release/source/TestCase/VBI.TestCases.DLL" adapterTypeName="Microsoft.VisualStudio.TestTools.TestTypes.Unit.UnitTestAdapter, Microsoft.VisualStudio.QualityTools.Tips.UnitTest.Adapter, Version=16.0.0.0, Culture=neutral, PublicKeyToken=b03f5f7f11d50a3a" className="VBI.TestCases.ControlTest.BaseControl, VBI.TestCases, Version=1.0.0.0, Culture=neutral, PublicKeyToken=null" name="SelectBox1" />
    </UnitTest>
    <UnitTest name="OrderLine" storage="..\vbi5client-release\\source\testcase\vbi.testcases.dll" id="f2a45ce4-8a07-f535-da29-394f30bec5fb">
      <Description>基础控件--阶线图</Description>
      <Execution id="e33ce6df-5555-442e-810d-d9a4de0a2fd9" />
      <TestMethod codeBase="D:/Jenkins/workspace/Vbi5Client-Release/source/TestCase/VBI.TestCases.DLL" adapterTypeName="Microsoft.VisualStudio.TestTools.TestTypes.Unit.UnitTestAdapter, Microsoft.VisualStudio.QualityTools.Tips.UnitTest.Adapter, Version=16.0.0.0, Culture=neutral, PublicKeyToken=b03f5f7f11d50a3a" className="VBI.TestCases.ControlTest.BasicChart, VBI.TestCases, Version=1.0.0.0, Culture=neutral, PublicKeyToken=null" name="OrderLine" />
    </UnitTest>
    <UnitTest name="KingBase" storage="..\vbi5client-release\\source\testcase\vbi.testcases.dll" id="f8cb4645-46c1-04c8-6427-3b979d9384db">
      <Description>KingBase数据库</Description>
      <Execution id="bfd744f6-6748-4a37-93d6-97b4baecf8eb" />
      <TestMethod codeBase="D:/Jenkins/workspace/Vbi5Client-Release/source/TestCase/VBI.TestCases.DLL" adapterTypeName="Microsoft.VisualStudio.TestTools.TestTypes.Unit.UnitTestAdapter, Microsoft.VisualStudio.QualityTools.Tips.UnitTest.Adapter, Version=16.0.0.0, Culture=neutral, PublicKeyToken=b03f5f7f11d50a3a" className="VBI.TestCases.DataSourceTest.RdbTypeSourceTest, VBI.TestCases, Version=1.0.0.0, Culture=neutral, PublicKeyToken=null" name="KingBase" />
    </UnitTest>
    <UnitTest name="ScreeningList3" storage="..\vbi5client-release\\source\testcase\vbi.testcases.dll" id="ddb906ef-9f15-efde-9021-fccf75940846">
      <Description>基础控件--筛选列表</Description>
      <Execution id="aba4c9cc-a19a-48d3-89ba-a879a5ed372b" />
      <TestMethod codeBase="D:/Jenkins/workspace/Vbi5Client-Release/source/TestCase/VBI.TestCases.DLL" adapterTypeName="Microsoft.VisualStudio.TestTools.TestTypes.Unit.UnitTestAdapter, Microsoft.VisualStudio.QualityTools.Tips.UnitTest.Adapter, Version=16.0.0.0, Culture=neutral, PublicKeyToken=b03f5f7f11d50a3a" className="VBI.TestCases.ControlTest.BaseControl, VBI.TestCases, Version=1.0.0.0, Culture=neutral, PublicKeyToken=null" name="ScreeningList3" />
    </UnitTest>
    <UnitTest name="PictureCopyAndModify" storage="..\vbi5client-release\\source\testcase\vbi.testcases.dll" id="56711843-e038-7df2-dc16-e5e99367a387">
      <Description>画面副本创建和修改</Description>
      <Execution id="ca2b61ff-6de8-48a8-8a3e-80ae4b843ebe" />
      <TestMethod codeBase="D:/Jenkins/workspace/Vbi5Client-Release/source/TestCase/VBI.TestCases.DLL" adapterTypeName="Microsoft.VisualStudio.TestTools.TestTypes.Unit.UnitTestAdapter, Microsoft.VisualStudio.QualityTools.Tips.UnitTest.Adapter, Version=16.0.0.0, Culture=neutral, PublicKeyToken=b03f5f7f11d50a3a" className="VBI.TestCases.CanvasTest.CanvasTest, VBI.TestCases, Version=1.0.0.0, Culture=neutral, PublicKeyToken=null" name="PictureCopyAndModify" />
    </UnitTest>
    <UnitTest name="MQmessage" storage="..\vbi5client-release\\source\testcase\vbi.testcases.dll" id="18b60f62-7404-ef3c-a6e4-d3fefe528bd2">
      <Description>操作器--MQ消息发送</Description>
      <Execution id="d2ea007c-8975-4d80-a4d8-61b358adbf13" />
      <TestMethod codeBase="D:/Jenkins/workspace/Vbi5Client-Release/source/TestCase/VBI.TestCases.DLL" adapterTypeName="Microsoft.VisualStudio.TestTools.TestTypes.Unit.UnitTestAdapter, Microsoft.VisualStudio.QualityTools.Tips.UnitTest.Adapter, Version=16.0.0.0, Culture=neutral, PublicKeyToken=b03f5f7f11d50a3a" className="VBI.TestCases.ControlTest.Operator, VBI.TestCases, Version=1.0.0.0, Culture=neutral, PublicKeyToken=null" name="MQmessage" />
    </UnitTest>
    <UnitTest name="DicRightClick" storage="..\vbi5client-release\\source\testcase\vbi.testcases.dll" id="170cfff1-a6b5-3042-adeb-54cf1ba77f8c">
      <Description>数据字典--数据字典右键功能</Description>
      <Execution id="20243ce4-6c6f-44fb-954b-2f880dfe9240" />
      <TestMethod codeBase="D:/Jenkins/workspace/Vbi5Client-Release/source/TestCase/VBI.TestCases.DLL" adapterTypeName="Microsoft.VisualStudio.TestTools.TestTypes.Unit.UnitTestAdapter, Microsoft.VisualStudio.QualityTools.Tips.UnitTest.Adapter, Version=16.0.0.0, Culture=neutral, PublicKeyToken=b03f5f7f11d50a3a" className="VBI.TestCases.DataSourceTest.Dictionary, VBI.TestCases, Version=1.0.0.0, Culture=neutral, PublicKeyToken=null" name="DicRightClick" />
    </UnitTest>
    <UnitTest name="PerformControlAct" storage="..\vbi5client-release\\source\testcase\vbi.testcases.dll" id="3d89ccd9-4372-efa4-4be0-2672db36d0a8">
      <Description>操作器--执行控件动作</Description>
      <Execution id="f94f0bbe-d248-488e-b542-182f3317c4a0" />
      <TestMethod codeBase="D:/Jenkins/workspace/Vbi5Client-Release/source/TestCase/VBI.TestCases.DLL" adapterTypeName="Microsoft.VisualStudio.TestTools.TestTypes.Unit.UnitTestAdapter, Microsoft.VisualStudio.QualityTools.Tips.UnitTest.Adapter, Version=16.0.0.0, Culture=neutral, PublicKeyToken=b03f5f7f11d50a3a" className="VBI.TestCases.ControlTest.Operator, VBI.TestCases, Version=1.0.0.0, Culture=neutral, PublicKeyToken=null" name="PerformControlAct" />
    </UnitTest>
    <UnitTest name="BubbleListChartProperty" storage="..\vbi5client-release\\source\testcase\vbi.testcases.dll" id="253c0e63-11b3-df6e-5408-dd4bc8b76f03">
      <Description>综合图表--泡泡列表属性</Description>
      <Execution id="c23e71e7-1396-4b4b-bb25-d017bf3e1cba" />
      <TestMethod codeBase="D:/Jenkins/workspace/Vbi5Client-Release/source/TestCase/VBI.TestCases.DLL" adapterTypeName="Microsoft.VisualStudio.TestTools.TestTypes.Unit.UnitTestAdapter, Microsoft.VisualStudio.QualityTools.Tips.UnitTest.Adapter, Version=16.0.0.0, Culture=neutral, PublicKeyToken=b03f5f7f11d50a3a" className="VBI.TestCases.ControlTest.IntegratedChartUIControl, VBI.TestCases, Version=1.0.0.0, Culture=neutral, PublicKeyToken=null" name="BubbleListChartProperty" />
    </UnitTest>
    <UnitTest name="CombineChart" storage="..\vbi5client-release\\source\testcase\vbi.testcases.dll" id="c76c9034-4743-25ac-39ba-828d9c1d3230">
      <Description>基础控件--组合Chart</Description>
      <Execution id="2d469e27-c452-4279-8deb-73cc85db19e5" />
      <TestMethod codeBase="D:/Jenkins/workspace/Vbi5Client-Release/source/TestCase/VBI.TestCases.DLL" adapterTypeName="Microsoft.VisualStudio.TestTools.TestTypes.Unit.UnitTestAdapter, Microsoft.VisualStudio.QualityTools.Tips.UnitTest.Adapter, Version=16.0.0.0, Culture=neutral, PublicKeyToken=b03f5f7f11d50a3a" className="VBI.TestCases.ControlTest.BasicChart, VBI.TestCases, Version=1.0.0.0, Culture=neutral, PublicKeyToken=null" name="CombineChart" />
    </UnitTest>
    <UnitTest name="TableChart" storage="..\vbi5client-release\\source\testcase\vbi.testcases.dll" id="2d7b7ede-736f-e31a-7d8d-7d9e33acfc61">
      <Description>综合图表--表格</Description>
      <Execution id="1c599623-33b4-4076-b047-62f58f906838" />
      <TestMethod codeBase="D:/Jenkins/workspace/Vbi5Client-Release/source/TestCase/VBI.TestCases.DLL" adapterTypeName="Microsoft.VisualStudio.TestTools.TestTypes.Unit.UnitTestAdapter, Microsoft.VisualStudio.QualityTools.Tips.UnitTest.Adapter, Version=16.0.0.0, Culture=neutral, PublicKeyToken=b03f5f7f11d50a3a" className="VBI.TestCases.ControlTest.IntegratedChartUIControl, VBI.TestCases, Version=1.0.0.0, Culture=neutral, PublicKeyToken=null" name="TableChart" />
    </UnitTest>
    <UnitTest name="ExcelSourceModifyTest" storage="..\vbi5client-release\\source\testcase\vbi.testcases.dll" id="cdf3d87e-b5b4-80e2-caa9-49fd0007a42a">
      <Description>Excel数据源新增与修改</Description>
      <Execution id="2b75760c-092a-4fd2-98d8-6b5d831e9207" />
      <TestMethod codeBase="D:/Jenkins/workspace/Vbi5Client-Release/source/TestCase/VBI.TestCases.DLL" adapterTypeName="Microsoft.VisualStudio.TestTools.TestTypes.Unit.UnitTestAdapter, Microsoft.VisualStudio.QualityTools.Tips.UnitTest.Adapter, Version=16.0.0.0, Culture=neutral, PublicKeyToken=b03f5f7f11d50a3a" className="VBI.TestCases.DataSourceTest.FileTypeSourceTest, VBI.TestCases, Version=1.0.0.0, Culture=neutral, PublicKeyToken=null" name="ExcelSourceModifyTest" />
    </UnitTest>
    <UnitTest name="Pareto2" storage="..\vbi5client-release\\source\testcase\vbi.testcases.dll" id="7b244f00-eaba-ada2-f8e5-899e229011c9">
      <Description>综合图表--帕累托图</Description>
      <Execution id="5e231f73-c9a9-4282-92f5-2f7aedee46f0" />
      <TestMethod codeBase="D:/Jenkins/workspace/Vbi5Client-Release/source/TestCase/VBI.TestCases.DLL" adapterTypeName="Microsoft.VisualStudio.TestTools.TestTypes.Unit.UnitTestAdapter, Microsoft.VisualStudio.QualityTools.Tips.UnitTest.Adapter, Version=16.0.0.0, Culture=neutral, PublicKeyToken=b03f5f7f11d50a3a" className="VBI.TestCases.ControlTest.IntegratedChartUIControl, VBI.TestCases, Version=1.0.0.0, Culture=neutral, PublicKeyToken=null" name="Pareto2" />
    </UnitTest>
    <UnitTest name="PieChart" storage="..\vbi5client-release\\source\testcase\vbi.testcases.dll" id="097155d7-10b7-ab22-151c-9fdb01cc6274">
      <Description>基础控件--饼状图</Description>
      <Execution id="e3e7769f-629d-4841-a4b1-6a2ea3b2c004" />
      <TestMethod codeBase="D:/Jenkins/workspace/Vbi5Client-Release/source/TestCase/VBI.TestCases.DLL" adapterTypeName="Microsoft.VisualStudio.TestTools.TestTypes.Unit.UnitTestAdapter, Microsoft.VisualStudio.QualityTools.Tips.UnitTest.Adapter, Version=16.0.0.0, Culture=neutral, PublicKeyToken=b03f5f7f11d50a3a" className="VBI.TestCases.ControlTest.BasicChart, VBI.TestCases, Version=1.0.0.0, Culture=neutral, PublicKeyToken=null" name="PieChart" />
    </UnitTest>
    <UnitTest name="AnnularCol2" storage="..\vbi5client-release\\source\testcase\vbi.testcases.dll" id="9c6727b8-0ccb-ecdd-0c06-f4c3b65a5896">
      <Description>基础控件--环形柱2</Description>
      <Execution id="018530c8-d89b-4be8-8ae5-693439e120da" />
      <TestMethod codeBase="D:/Jenkins/workspace/Vbi5Client-Release/source/TestCase/VBI.TestCases.DLL" adapterTypeName="Microsoft.VisualStudio.TestTools.TestTypes.Unit.UnitTestAdapter, Microsoft.VisualStudio.QualityTools.Tips.UnitTest.Adapter, Version=16.0.0.0, Culture=neutral, PublicKeyToken=b03f5f7f11d50a3a" className="VBI.TestCases.ControlTest.BasicChart, VBI.TestCases, Version=1.0.0.0, Culture=neutral, PublicKeyToken=null" name="AnnularCol2" />
    </UnitTest>
    <UnitTest name="ES1" storage="..\vbi5client-release\\source\testcase\vbi.testcases.dll" id="265b14d2-573b-2d9e-a42f-d2fc8a4e0f2b">
      <Description>ES数据源创建</Description>
      <Execution id="18731614-1d97-41e3-9fca-447320c33d38" />
      <TestMethod codeBase="D:/Jenkins/workspace/Vbi5Client-Release/source/TestCase/VBI.TestCases.DLL" adapterTypeName="Microsoft.VisualStudio.TestTools.TestTypes.Unit.UnitTestAdapter, Microsoft.VisualStudio.QualityTools.Tips.UnitTest.Adapter, Version=16.0.0.0, Culture=neutral, PublicKeyToken=b03f5f7f11d50a3a" className="VBI.TestCases.DataSourceTest.OtherTypeSourceTest, VBI.TestCases, Version=1.0.0.0, Culture=neutral, PublicKeyToken=null" name="ES1" />
    </UnitTest>
    <UnitTest name="HighPerChartWithCols" storage="..\vbi5client-release\\source\testcase\vbi.testcases.dll" id="d10c7595-8e09-41aa-d686-bb8549e8ff9b">
      <Description>综合图表--高性能Chart多序列</Description>
      <Execution id="321be32b-c963-4de3-9727-d7b3660058fe" />
      <TestMethod codeBase="D:/Jenkins/workspace/Vbi5Client-Release/source/TestCase/VBI.TestCases.DLL" adapterTypeName="Microsoft.VisualStudio.TestTools.TestTypes.Unit.UnitTestAdapter, Microsoft.VisualStudio.QualityTools.Tips.UnitTest.Adapter, Version=16.0.0.0, Culture=neutral, PublicKeyToken=b03f5f7f11d50a3a" className="VBI.TestCases.ControlTest.IntegratedChartUIControl, VBI.TestCases, Version=1.0.0.0, Culture=neutral, PublicKeyToken=null" name="HighPerChartWithCols" />
    </UnitTest>
    <UnitTest name="DropDownCheckBox1" storage="..\vbi5client-release\\source\testcase\vbi.testcases.dll" id="f3c2df51-1844-cea8-a426-91848bfa3d7b">
      <Description>基础控件--下拉复选框1</Description>
      <Execution id="ce561e52-275d-4b8a-a05c-e789464094c0" />
      <TestMethod codeBase="D:/Jenkins/workspace/Vbi5Client-Release/source/TestCase/VBI.TestCases.DLL" adapterTypeName="Microsoft.VisualStudio.TestTools.TestTypes.Unit.UnitTestAdapter, Microsoft.VisualStudio.QualityTools.Tips.UnitTest.Adapter, Version=16.0.0.0, Culture=neutral, PublicKeyToken=b03f5f7f11d50a3a" className="VBI.TestCases.ControlTest.BaseControl, VBI.TestCases, Version=1.0.0.0, Culture=neutral, PublicKeyToken=null" name="DropDownCheckBox1" />
    </UnitTest>
    <UnitTest name="AreaChart" storage="..\vbi5client-release\\source\testcase\vbi.testcases.dll" id="e6026a13-8d2c-5961-7338-94097ae65fea">
      <Description>基础控件--面积图</Description>
      <Execution id="187c16e4-341c-4262-b78a-d73fbd390730" />
      <TestMethod codeBase="D:/Jenkins/workspace/Vbi5Client-Release/source/TestCase/VBI.TestCases.DLL" adapterTypeName="Microsoft.VisualStudio.TestTools.TestTypes.Unit.UnitTestAdapter, Microsoft.VisualStudio.QualityTools.Tips.UnitTest.Adapter, Version=16.0.0.0, Culture=neutral, PublicKeyToken=b03f5f7f11d50a3a" className="VBI.TestCases.ControlTest.BasicChart, VBI.TestCases, Version=1.0.0.0, Culture=neutral, PublicKeyToken=null" name="AreaChart" />
    </UnitTest>
    <UnitTest name="CustomBarChart2" storage="..\vbi5client-release\\source\testcase\vbi.testcases.dll" id="ea9087e0-f9a3-71f7-1d9d-114f56cf356c">
      <Description>综合图表--定制横栏2</Description>
      <Execution id="b52296b4-11c3-42c2-adf4-3ec5b61b19e1" />
      <TestMethod codeBase="D:/Jenkins/workspace/Vbi5Client-Release/source/TestCase/VBI.TestCases.DLL" adapterTypeName="Microsoft.VisualStudio.TestTools.TestTypes.Unit.UnitTestAdapter, Microsoft.VisualStudio.QualityTools.Tips.UnitTest.Adapter, Version=16.0.0.0, Culture=neutral, PublicKeyToken=b03f5f7f11d50a3a" className="VBI.TestCases.ControlTest.IntegratedChartUIControl, VBI.TestCases, Version=1.0.0.0, Culture=neutral, PublicKeyToken=null" name="CustomBarChart2" />
    </UnitTest>
    <UnitTest name="HighPerChart" storage="..\vbi5client-release\\source\testcase\vbi.testcases.dll" id="a8a04f9f-1cfa-5672-da25-6c544f615102">
      <Description>综合图表--高性能Chart</Description>
      <Execution id="92991a85-f26b-4252-a150-6d33ee027a2d" />
      <TestMethod codeBase="D:/Jenkins/workspace/Vbi5Client-Release/source/TestCase/VBI.TestCases.DLL" adapterTypeName="Microsoft.VisualStudio.TestTools.TestTypes.Unit.UnitTestAdapter, Microsoft.VisualStudio.QualityTools.Tips.UnitTest.Adapter, Version=16.0.0.0, Culture=neutral, PublicKeyToken=b03f5f7f11d50a3a" className="VBI.TestCases.ControlTest.IntegratedChartUIControl, VBI.TestCases, Version=1.0.0.0, Culture=neutral, PublicKeyToken=null" name="HighPerChart" />
    </UnitTest>
    <UnitTest name="ShapeProgress" storage="..\vbi5client-release\\source\testcase\vbi.testcases.dll" id="86dfa39b-719e-f2ec-44c5-4717661ee450">
      <Description>仪表进度控件--形状进度</Description>
      <Execution id="23f8e8d8-b2ba-460a-911f-a6cf0d7320f6" />
      <TestMethod codeBase="D:/Jenkins/workspace/Vbi5Client-Release/source/TestCase/VBI.TestCases.DLL" adapterTypeName="Microsoft.VisualStudio.TestTools.TestTypes.Unit.UnitTestAdapter, Microsoft.VisualStudio.QualityTools.Tips.UnitTest.Adapter, Version=16.0.0.0, Culture=neutral, PublicKeyToken=b03f5f7f11d50a3a" className="VBI.TestCases.ControlTest.InstrumentProgress, VBI.TestCases, Version=1.0.0.0, Culture=neutral, PublicKeyToken=null" name="ShapeProgress" />
    </UnitTest>
    <UnitTest name="SyBase" storage="..\vbi5client-release\\source\testcase\vbi.testcases.dll" id="96a17986-14ab-1d1a-0fbd-db82ba367ec9">
      <Description>SyBase数据库</Description>
      <Execution id="bfebf26f-30df-4276-99a2-072c6b17c406" />
      <TestMethod codeBase="D:/Jenkins/workspace/Vbi5Client-Release/source/TestCase/VBI.TestCases.DLL" adapterTypeName="Microsoft.VisualStudio.TestTools.TestTypes.Unit.UnitTestAdapter, Microsoft.VisualStudio.QualityTools.Tips.UnitTest.Adapter, Version=16.0.0.0, Culture=neutral, PublicKeyToken=b03f5f7f11d50a3a" className="VBI.TestCases.DataSourceTest.RdbTypeSourceTest, VBI.TestCases, Version=1.0.0.0, Culture=neutral, PublicKeyToken=null" name="SyBase" />
    </UnitTest>
    <UnitTest name="ManualEdit" storage="..\vbi5client-release\\source\testcase\vbi.testcases.dll" id="d5d8d4c1-1dcf-4339-c0a0-f3a2f387c6ab">
      <Description>数据字典--手动新增</Description>
      <Execution id="e690327f-e6a8-4667-98e6-1ec581bb6e15" />
      <TestMethod codeBase="D:/Jenkins/workspace/Vbi5Client-Release/source/TestCase/VBI.TestCases.DLL" adapterTypeName="Microsoft.VisualStudio.TestTools.TestTypes.Unit.UnitTestAdapter, Microsoft.VisualStudio.QualityTools.Tips.UnitTest.Adapter, Version=16.0.0.0, Culture=neutral, PublicKeyToken=b03f5f7f11d50a3a" className="VBI.TestCases.DataSourceTest.Dictionary, VBI.TestCases, Version=1.0.0.0, Culture=neutral, PublicKeyToken=null" name="ManualEdit" />
    </UnitTest>
    <UnitTest name="MysqlSQLCreatTest" storage="..\vbi5client-release\\source\testcase\vbi.testcases.dll" id="f5cf74c0-cf93-bbd4-59e8-55fd524f6e9c">
      <Description>Mysql数据源SQL创建</Description>
      <Execution id="00bd0301-8766-4743-8000-da38f0424254" />
      <TestMethod codeBase="D:/Jenkins/workspace/Vbi5Client-Release/source/TestCase/VBI.TestCases.DLL" adapterTypeName="Microsoft.VisualStudio.TestTools.TestTypes.Unit.UnitTestAdapter, Microsoft.VisualStudio.QualityTools.Tips.UnitTest.Adapter, Version=16.0.0.0, Culture=neutral, PublicKeyToken=b03f5f7f11d50a3a" className="VBI.TestCases.DataSourceTest.RdbTypeSourceTest, VBI.TestCases, Version=1.0.0.0, Culture=neutral, PublicKeyToken=null" name="MysqlSQLCreatTest" />
    </UnitTest>
    <UnitTest name="MatrixHot1" storage="..\vbi5client-release\\source\testcase\vbi.testcases.dll" id="dd47e35d-7a58-510c-0249-5e1f9be468e5">
      <Description>基础控件--矩阵热力图其他属性和事件</Description>
      <Execution id="249d851b-6a26-489d-bda7-8069dee52a68" />
      <TestMethod codeBase="D:/Jenkins/workspace/Vbi5Client-Release/source/TestCase/VBI.TestCases.DLL" adapterTypeName="Microsoft.VisualStudio.TestTools.TestTypes.Unit.UnitTestAdapter, Microsoft.VisualStudio.QualityTools.Tips.UnitTest.Adapter, Version=16.0.0.0, Culture=neutral, PublicKeyToken=b03f5f7f11d50a3a" className="VBI.TestCases.ControlTest.BasicChart, VBI.TestCases, Version=1.0.0.0, Culture=neutral, PublicKeyToken=null" name="MatrixHot1" />
    </UnitTest>
    <UnitTest name="BarChart1" storage="..\vbi5client-release\\source\testcase\vbi.testcases.dll" id="cbb5792a-357e-4930-b156-7d2ed16d3e7a">
      <Description>基础控件--柱状图</Description>
      <Execution id="bf7b523b-ee54-4631-99e0-fc8a3704dd12" />
      <TestMethod codeBase="D:/Jenkins/workspace/Vbi5Client-Release/source/TestCase/VBI.TestCases.DLL" adapterTypeName="Microsoft.VisualStudio.TestTools.TestTypes.Unit.UnitTestAdapter, Microsoft.VisualStudio.QualityTools.Tips.UnitTest.Adapter, Version=16.0.0.0, Culture=neutral, PublicKeyToken=b03f5f7f11d50a3a" className="VBI.TestCases.ControlTest.BasicChart, VBI.TestCases, Version=1.0.0.0, Culture=neutral, PublicKeyToken=null" name="BarChart1" />
    </UnitTest>
    <UnitTest name="ProjectAdd" storage="..\vbi5client-release\\source\testcase\vbi.testcases.dll" id="3e6dce4c-95ab-2a0b-5293-5ebbec094ca2">
      <Description>项目添加</Description>
      <Execution id="511be7e1-3daa-454f-bcd3-fd4a16e00ebc" />
      <TestMethod codeBase="D:/Jenkins/workspace/Vbi5Client-Release/source/TestCase/VBI.TestCases.DLL" adapterTypeName="Microsoft.VisualStudio.TestTools.TestTypes.Unit.UnitTestAdapter, Microsoft.VisualStudio.QualityTools.Tips.UnitTest.Adapter, Version=16.0.0.0, Culture=neutral, PublicKeyToken=b03f5f7f11d50a3a" className="VBI.TestCases.CanvasTest.CanvasTest, VBI.TestCases, Version=1.0.0.0, Culture=neutral, PublicKeyToken=null" name="ProjectAdd" />
    </UnitTest>
    <UnitTest name="MatrixHot" storage="..\vbi5client-release\\source\testcase\vbi.testcases.dll" id="c4a77516-893d-7db6-3f67-c30316a2a1f4">
      <Description>基础控件--矩阵热力图</Description>
      <Execution id="bbe7eaf0-7916-4d66-8702-08a6a5e5176f" />
      <TestMethod codeBase="D:/Jenkins/workspace/Vbi5Client-Release/source/TestCase/VBI.TestCases.DLL" adapterTypeName="Microsoft.VisualStudio.TestTools.TestTypes.Unit.UnitTestAdapter, Microsoft.VisualStudio.QualityTools.Tips.UnitTest.Adapter, Version=16.0.0.0, Culture=neutral, PublicKeyToken=b03f5f7f11d50a3a" className="VBI.TestCases.ControlTest.BasicChart, VBI.TestCases, Version=1.0.0.0, Culture=neutral, PublicKeyToken=null" name="MatrixHot" />
    </UnitTest>
    <UnitTest name="SearchOpenCanvas" storage="..\vbi5client-release\\source\testcase\vbi.testcases.dll" id="b726cb25-5e2b-65bf-ad7a-b02afa9abace">
      <Execution id="61d5727f-f573-4935-973d-928b5d4130d2" />
      <TestMethod codeBase="D:/Jenkins/workspace/Vbi5Client-Release/source/TestCase/VBI.TestCases.DLL" adapterTypeName="Microsoft.VisualStudio.TestTools.TestTypes.Unit.UnitTestAdapter, Microsoft.VisualStudio.QualityTools.Tips.UnitTest.Adapter, Version=16.0.0.0, Culture=neutral, PublicKeyToken=b03f5f7f11d50a3a" className="VBI.TestCases.HomePage.HomePage, VBI.TestCases, Version=1.0.0.0, Culture=neutral, PublicKeyToken=null" name="SearchOpenCanvas" />
    </UnitTest>
    <UnitTest name="UrlInternetPicture" storage="..\vbi5client-release\\source\testcase\vbi.testcases.dll" id="a1f78361-da43-bff9-b532-6348ee77578a">
      <Description>基础控件--Url图片控件网络路径</Description>
      <Execution id="a7e28627-6b58-440f-8792-d7dce1b0915c" />
      <TestMethod codeBase="D:/Jenkins/workspace/Vbi5Client-Release/source/TestCase/VBI.TestCases.DLL" adapterTypeName="Microsoft.VisualStudio.TestTools.TestTypes.Unit.UnitTestAdapter, Microsoft.VisualStudio.QualityTools.Tips.UnitTest.Adapter, Version=16.0.0.0, Culture=neutral, PublicKeyToken=b03f5f7f11d50a3a" className="VBI.TestCases.ControlTest.BaseControl, VBI.TestCases, Version=1.0.0.0, Culture=neutral, PublicKeyToken=null" name="UrlInternetPicture" />
    </UnitTest>
    <UnitTest name="ScaterChart" storage="..\vbi5client-release\\source\testcase\vbi.testcases.dll" id="f74dfd92-8c0b-4857-3727-db35a95f053b">
      <Description>基础控件--散点图</Description>
      <Execution id="d62f1217-fe42-49c3-a56b-19675568c735" />
      <TestMethod codeBase="D:/Jenkins/workspace/Vbi5Client-Release/source/TestCase/VBI.TestCases.DLL" adapterTypeName="Microsoft.VisualStudio.TestTools.TestTypes.Unit.UnitTestAdapter, Microsoft.VisualStudio.QualityTools.Tips.UnitTest.Adapter, Version=16.0.0.0, Culture=neutral, PublicKeyToken=b03f5f7f11d50a3a" className="VBI.TestCases.ControlTest.BasicChart, VBI.TestCases, Version=1.0.0.0, Culture=neutral, PublicKeyToken=null" name="ScaterChart" />
    </UnitTest>
    <UnitTest name="CustomBarChart1" storage="..\vbi5client-release\\source\testcase\vbi.testcases.dll" id="1732bf69-4583-2c92-a89d-adf7f9953be0">
      <Description>综合图表--定制横栏1</Description>
      <Execution id="f1c859e2-8e0a-48df-9f07-aba66bd74eae" />
      <TestMethod codeBase="D:/Jenkins/workspace/Vbi5Client-Release/source/TestCase/VBI.TestCases.DLL" adapterTypeName="Microsoft.VisualStudio.TestTools.TestTypes.Unit.UnitTestAdapter, Microsoft.VisualStudio.QualityTools.Tips.UnitTest.Adapter, Version=16.0.0.0, Culture=neutral, PublicKeyToken=b03f5f7f11d50a3a" className="VBI.TestCases.ControlTest.IntegratedChartUIControl, VBI.TestCases, Version=1.0.0.0, Culture=neutral, PublicKeyToken=null" name="CustomBarChart1" />
    </UnitTest>
    <UnitTest name="UrlLocalPicture" storage="..\vbi5client-release\\source\testcase\vbi.testcases.dll" id="ec6575dc-efb9-e0ea-8798-7ea257e989ad">
      <Description>基础控件--Url图片本地路径</Description>
      <Execution id="3dc2ffcd-a964-4bd7-8835-08ac6cb3366e" />
      <TestMethod codeBase="D:/Jenkins/workspace/Vbi5Client-Release/source/TestCase/VBI.TestCases.DLL" adapterTypeName="Microsoft.VisualStudio.TestTools.TestTypes.Unit.UnitTestAdapter, Microsoft.VisualStudio.QualityTools.Tips.UnitTest.Adapter, Version=16.0.0.0, Culture=neutral, PublicKeyToken=b03f5f7f11d50a3a" className="VBI.TestCases.ControlTest.BaseControl, VBI.TestCases, Version=1.0.0.0, Culture=neutral, PublicKeyToken=null" name="UrlLocalPicture" />
    </UnitTest>
    <UnitTest name="CumulateDistinct" storage="..\vbi5client-release\\source\testcase\vbi.testcases.dll" id="31a20faa-a231-f21b-6083-065f36450e58">
      <Description>数据存储--累积去重</Description>
      <Execution id="658bac23-1b45-427d-bbb3-bde9cc1e5189" />
      <TestMethod codeBase="D:/Jenkins/workspace/Vbi5Client-Release/source/TestCase/VBI.TestCases.DLL" adapterTypeName="Microsoft.VisualStudio.TestTools.TestTypes.Unit.UnitTestAdapter, Microsoft.VisualStudio.QualityTools.Tips.UnitTest.Adapter, Version=16.0.0.0, Culture=neutral, PublicKeyToken=b03f5f7f11d50a3a" className="VBI.TestCases.DataModleTest.DataModelRelevance, VBI.TestCases, Version=1.0.0.0, Culture=neutral, PublicKeyToken=null" name="CumulateDistinct" />
    </UnitTest>
    <UnitTest name="TableCell" storage="..\vbi5client-release\\source\testcase\vbi.testcases.dll" id="458a66ef-67ef-5454-25f4-38bebb74970d">
      <Description>操作器--表格传参单元格值或者行号到标签</Description>
      <Execution id="1fd2f38e-e2a3-4780-be6c-bbdd3ab745e7" />
      <TestMethod codeBase="D:/Jenkins/workspace/Vbi5Client-Release/source/TestCase/VBI.TestCases.DLL" adapterTypeName="Microsoft.VisualStudio.TestTools.TestTypes.Unit.UnitTestAdapter, Microsoft.VisualStudio.QualityTools.Tips.UnitTest.Adapter, Version=16.0.0.0, Culture=neutral, PublicKeyToken=b03f5f7f11d50a3a" className="VBI.TestCases.ControlTest.Operator, VBI.TestCases, Version=1.0.0.0, Culture=neutral, PublicKeyToken=null" name="TableCell" />
    </UnitTest>
    <UnitTest name="RealSection" storage="..\vbi5client-release\\source\testcase\vbi.testcases.dll" id="ee71af2a-81bc-8861-20e6-d43eb8cfa70b">
      <Description>数据存储--实时断面</Description>
      <Execution id="4c98d98e-14bd-426c-835f-4bd906e9401d" />
      <TestMethod codeBase="D:/Jenkins/workspace/Vbi5Client-Release/source/TestCase/VBI.TestCases.DLL" adapterTypeName="Microsoft.VisualStudio.TestTools.TestTypes.Unit.UnitTestAdapter, Microsoft.VisualStudio.QualityTools.Tips.UnitTest.Adapter, Version=16.0.0.0, Culture=neutral, PublicKeyToken=b03f5f7f11d50a3a" className="VBI.TestCases.DataModleTest.DataModelRelevance, VBI.TestCases, Version=1.0.0.0, Culture=neutral, PublicKeyToken=null" name="RealSection" />
    </UnitTest>
    <UnitTest name="DicBandingChart" storage="..\vbi5client-release\\source\testcase\vbi.testcases.dll" id="83edee61-9535-67ad-85ca-87e5881a3c98">
      <Description>数据字典--数据字典关联绑定图表</Description>
      <Execution id="6a7bc286-7dcf-4a9f-982a-586e95807b7f" />
      <TestMethod codeBase="D:/Jenkins/workspace/Vbi5Client-Release/source/TestCase/VBI.TestCases.DLL" adapterTypeName="Microsoft.VisualStudio.TestTools.TestTypes.Unit.UnitTestAdapter, Microsoft.VisualStudio.QualityTools.Tips.UnitTest.Adapter, Version=16.0.0.0, Culture=neutral, PublicKeyToken=b03f5f7f11d50a3a" className="VBI.TestCases.DataSourceTest.Dictionary, VBI.TestCases, Version=1.0.0.0, Culture=neutral, PublicKeyToken=null" name="DicBandingChart" />
    </UnitTest>
    <UnitTest name="DaMeng" storage="..\vbi5client-release\\source\testcase\vbi.testcases.dll" id="0d59cef6-b356-ac64-4d7f-f80927c9c068">
      <Description>达梦数据库</Description>
      <Execution id="6f060e42-5810-4596-be48-61ef51a890ee" />
      <TestMethod codeBase="D:/Jenkins/workspace/Vbi5Client-Release/source/TestCase/VBI.TestCases.DLL" adapterTypeName="Microsoft.VisualStudio.TestTools.TestTypes.Unit.UnitTestAdapter, Microsoft.VisualStudio.QualityTools.Tips.UnitTest.Adapter, Version=16.0.0.0, Culture=neutral, PublicKeyToken=b03f5f7f11d50a3a" className="VBI.TestCases.DataSourceTest.RdbTypeSourceTest, VBI.TestCases, Version=1.0.0.0, Culture=neutral, PublicKeyToken=null" name="DaMeng" />
    </UnitTest>
    <UnitTest name="DB2" storage="..\vbi5client-release\\source\testcase\vbi.testcases.dll" id="d5d204de-ca0a-99f2-ba50-3aff42429d9a">
      <Description>DB2</Description>
      <Execution id="3814c9e9-3f2f-450e-bdb4-493e89c23989" />
      <TestMethod codeBase="D:/Jenkins/workspace/Vbi5Client-Release/source/TestCase/VBI.TestCases.DLL" adapterTypeName="Microsoft.VisualStudio.TestTools.TestTypes.Unit.UnitTestAdapter, Microsoft.VisualStudio.QualityTools.Tips.UnitTest.Adapter, Version=16.0.0.0, Culture=neutral, PublicKeyToken=b03f5f7f11d50a3a" className="VBI.TestCases.DataSourceTest.RdbTypeSourceTest, VBI.TestCases, Version=1.0.0.0, Culture=neutral, PublicKeyToken=null" name="DB2" />
    </UnitTest>
    <UnitTest name="CombineChart1" storage="..\vbi5client-release\\source\testcase\vbi.testcases.dll" id="a74baa9d-263e-8c97-58a6-b8806704a37a">
      <Description>基础控件--组合Chart</Description>
      <Execution id="7e41642e-768d-4761-b0dc-a98d99ae1902" />
      <TestMethod codeBase="D:/Jenkins/workspace/Vbi5Client-Release/source/TestCase/VBI.TestCases.DLL" adapterTypeName="Microsoft.VisualStudio.TestTools.TestTypes.Unit.UnitTestAdapter, Microsoft.VisualStudio.QualityTools.Tips.UnitTest.Adapter, Version=16.0.0.0, Culture=neutral, PublicKeyToken=b03f5f7f11d50a3a" className="VBI.TestCases.ControlTest.BasicChart, VBI.TestCases, Version=1.0.0.0, Culture=neutral, PublicKeyToken=null" name="CombineChart1" />
    </UnitTest>
    <UnitTest name="ES" storage="..\vbi5client-release\\source\testcase\vbi.testcases.dll" id="109aa097-cfaf-b552-a1cd-779d78c58e33">
      <Description>ES数据源创建</Description>
      <Execution id="fdd58428-3067-4bc3-a68e-ed6f96eb69aa" />
      <TestMethod codeBase="D:/Jenkins/workspace/Vbi5Client-Release/source/TestCase/VBI.TestCases.DLL" adapterTypeName="Microsoft.VisualStudio.TestTools.TestTypes.Unit.UnitTestAdapter, Microsoft.VisualStudio.QualityTools.Tips.UnitTest.Adapter, Version=16.0.0.0, Culture=neutral, PublicKeyToken=b03f5f7f11d50a3a" className="VBI.TestCases.DataSourceTest.OtherTypeSourceTest, VBI.TestCases, Version=1.0.0.0, Culture=neutral, PublicKeyToken=null" name="ES" />
    </UnitTest>
    <UnitTest name="CloudTab" storage="..\vbi5client-release\\source\testcase\vbi.testcases.dll" id="19a2ce21-dfba-204b-061b-7f377c26155b">
      <Description>综合图表--云标签</Description>
      <Execution id="f6d1fc8e-cca7-4142-88d8-aa48d546040e" />
      <TestMethod codeBase="D:/Jenkins/workspace/Vbi5Client-Release/source/TestCase/VBI.TestCases.DLL" adapterTypeName="Microsoft.VisualStudio.TestTools.TestTypes.Unit.UnitTestAdapter, Microsoft.VisualStudio.QualityTools.Tips.UnitTest.Adapter, Version=16.0.0.0, Culture=neutral, PublicKeyToken=b03f5f7f11d50a3a" className="VBI.TestCases.ControlTest.IntegratedChartUIControl, VBI.TestCases, Version=1.0.0.0, Culture=neutral, PublicKeyToken=null" name="CloudTab" />
    </UnitTest>
    <UnitTest name="RadarChart" storage="..\vbi5client-release\\source\testcase\vbi.testcases.dll" id="e7de6ba0-3893-28ed-30e0-de971e4b5dab">
      <Description>基础控件--雷达图</Description>
      <Execution id="bb60eb48-e4bd-4fee-bb26-8017bcf97497" />
      <TestMethod codeBase="D:/Jenkins/workspace/Vbi5Client-Release/source/TestCase/VBI.TestCases.DLL" adapterTypeName="Microsoft.VisualStudio.TestTools.TestTypes.Unit.UnitTestAdapter, Microsoft.VisualStudio.QualityTools.Tips.UnitTest.Adapter, Version=16.0.0.0, Culture=neutral, PublicKeyToken=b03f5f7f11d50a3a" className="VBI.TestCases.ControlTest.BasicChart, VBI.TestCases, Version=1.0.0.0, Culture=neutral, PublicKeyToken=null" name="RadarChart" />
    </UnitTest>
    <UnitTest name="BarChart" storage="..\vbi5client-release\\source\testcase\vbi.testcases.dll" id="d5a9c774-19b2-b9aa-705a-ae6fbbf2ed21">
      <Description>基础控件--柱状图</Description>
      <Execution id="4924e2d6-a89d-47d2-9f1b-456d5c53253f" />
      <TestMethod codeBase="D:/Jenkins/workspace/Vbi5Client-Release/source/TestCase/VBI.TestCases.DLL" adapterTypeName="Microsoft.VisualStudio.TestTools.TestTypes.Unit.UnitTestAdapter, Microsoft.VisualStudio.QualityTools.Tips.UnitTest.Adapter, Version=16.0.0.0, Culture=neutral, PublicKeyToken=b03f5f7f11d50a3a" className="VBI.TestCases.ControlTest.BasicChart, VBI.TestCases, Version=1.0.0.0, Culture=neutral, PublicKeyToken=null" name="BarChart" />
    </UnitTest>
    <UnitTest name="Chord" storage="..\vbi5client-release\\source\testcase\vbi.testcases.dll" id="4a1a72ee-71c3-b875-ba77-9fea48c6a263">
      <Description>基础控件--和弦图</Description>
      <Execution id="440436ff-0f8b-4664-9f61-4719474bbee5" />
      <TestMethod codeBase="D:/Jenkins/workspace/Vbi5Client-Release/source/TestCase/VBI.TestCases.DLL" adapterTypeName="Microsoft.VisualStudio.TestTools.TestTypes.Unit.UnitTestAdapter, Microsoft.VisualStudio.QualityTools.Tips.UnitTest.Adapter, Version=16.0.0.0, Culture=neutral, PublicKeyToken=b03f5f7f11d50a3a" className="VBI.TestCases.ControlTest.BasicChart, VBI.TestCases, Version=1.0.0.0, Culture=neutral, PublicKeyToken=null" name="Chord" />
    </UnitTest>
    <UnitTest name="BrokenLineChart" storage="..\vbi5client-release\\source\testcase\vbi.testcases.dll" id="7959ebcb-83bc-77db-0f38-20c942440438">
      <Description>基础控件--折线图</Description>
      <Execution id="159f6dcd-e7cd-4c3c-a12c-c8e3714619ab" />
      <TestMethod codeBase="D:/Jenkins/workspace/Vbi5Client-Release/source/TestCase/VBI.TestCases.DLL" adapterTypeName="Microsoft.VisualStudio.TestTools.TestTypes.Unit.UnitTestAdapter, Microsoft.VisualStudio.QualityTools.Tips.UnitTest.Adapter, Version=16.0.0.0, Culture=neutral, PublicKeyToken=b03f5f7f11d50a3a" className="VBI.TestCases.ControlTest.BasicChart, VBI.TestCases, Version=1.0.0.0, Culture=neutral, PublicKeyToken=null" name="BrokenLineChart" />
    </UnitTest>
    <UnitTest name="CumulateUpdateGatherTime" storage="..\vbi5client-release\\source\testcase\vbi.testcases.dll" id="0bdd5156-b783-97c4-92e3-b165975d8148">
      <Description>数据存储--累积更新采集时间</Description>
      <Execution id="51021fad-598e-443c-8a01-a47c10039d5e" />
      <TestMethod codeBase="D:/Jenkins/workspace/Vbi5Client-Release/source/TestCase/VBI.TestCases.DLL" adapterTypeName="Microsoft.VisualStudio.TestTools.TestTypes.Unit.UnitTestAdapter, Microsoft.VisualStudio.QualityTools.Tips.UnitTest.Adapter, Version=16.0.0.0, Culture=neutral, PublicKeyToken=b03f5f7f11d50a3a" className="VBI.TestCases.DataModleTest.DataModelRelevance, VBI.TestCases, Version=1.0.0.0, Culture=neutral, PublicKeyToken=null" name="CumulateUpdateGatherTime" />
    </UnitTest>
    <UnitTest name="SetControlPro" storage="..\vbi5client-release\\source\testcase\vbi.testcases.dll" id="2087808d-ab77-1d30-32b4-318f7b2b6ecd">
      <Description>操作器--设置控件属性</Description>
      <Execution id="874f8948-81a8-4177-9cb3-98d68603b4e7" />
      <TestMethod codeBase="D:/Jenkins/workspace/Vbi5Client-Release/source/TestCase/VBI.TestCases.DLL" adapterTypeName="Microsoft.VisualStudio.TestTools.TestTypes.Unit.UnitTestAdapter, Microsoft.VisualStudio.QualityTools.Tips.UnitTest.Adapter, Version=16.0.0.0, Culture=neutral, PublicKeyToken=b03f5f7f11d50a3a" className="VBI.TestCases.ControlTest.Operator, VBI.TestCases, Version=1.0.0.0, Culture=neutral, PublicKeyToken=null" name="SetControlPro" />
    </UnitTest>
    <UnitTest name="LineStackChart" storage="..\vbi5client-release\\source\testcase\vbi.testcases.dll" id="bc73bbf2-581e-3b4d-e437-ca1a47a9a860">
      <Description>基础控件--条形堆叠</Description>
      <Execution id="ff3d7afa-b982-455d-a300-dfe3d97697c1" />
      <TestMethod codeBase="D:/Jenkins/workspace/Vbi5Client-Release/source/TestCase/VBI.TestCases.DLL" adapterTypeName="Microsoft.VisualStudio.TestTools.TestTypes.Unit.UnitTestAdapter, Microsoft.VisualStudio.QualityTools.Tips.UnitTest.Adapter, Version=16.0.0.0, Culture=neutral, PublicKeyToken=b03f5f7f11d50a3a" className="VBI.TestCases.ControlTest.BasicChart, VBI.TestCases, Version=1.0.0.0, Culture=neutral, PublicKeyToken=null" name="LineStackChart" />
    </UnitTest>
    <UnitTest name="InternalSourceChk" storage="..\vbi5client-release\\source\testcase\vbi.testcases.dll" id="c5a27f8e-82ca-ec7a-4cff-952282e83153">
      <Description>内部数据源查看</Description>
      <Execution id="3ee86fba-74b9-438a-9e50-24fdae28a513" />
      <TestMethod codeBase="D:/Jenkins/workspace/Vbi5Client-Release/source/TestCase/VBI.TestCases.DLL" adapterTypeName="Microsoft.VisualStudio.TestTools.TestTypes.Unit.UnitTestAdapter, Microsoft.VisualStudio.QualityTools.Tips.UnitTest.Adapter, Version=16.0.0.0, Culture=neutral, PublicKeyToken=b03f5f7f11d50a3a" className="VBI.TestCases.DataSourceTest.InternalSource, VBI.TestCases, Version=1.0.0.0, Culture=neutral, PublicKeyToken=null" name="InternalSourceChk" />
    </UnitTest>
    <UnitTest name="RadarChart1" storage="..\vbi5client-release\\source\testcase\vbi.testcases.dll" id="37875891-095c-23cf-cc5e-9b1a840c059d">
      <Description>基础控件--雷达图新增属性</Description>
      <Execution id="02a75543-411c-497f-93c4-89ef4a856c5d" />
      <TestMethod codeBase="D:/Jenkins/workspace/Vbi5Client-Release/source/TestCase/VBI.TestCases.DLL" adapterTypeName="Microsoft.VisualStudio.TestTools.TestTypes.Unit.UnitTestAdapter, Microsoft.VisualStudio.QualityTools.Tips.UnitTest.Adapter, Version=16.0.0.0, Culture=neutral, PublicKeyToken=b03f5f7f11d50a3a" className="VBI.TestCases.ControlTest.BasicChart, VBI.TestCases, Version=1.0.0.0, Culture=neutral, PublicKeyToken=null" name="RadarChart1" />
    </UnitTest>
    <UnitTest name="WebServiceTest" storage="..\vbi5client-release\\source\testcase\vbi.testcases.dll" id="2e2ce017-3ae9-d7d3-b688-1e44b905912f">
      <Description>WebService接口数据源创建</Description>
      <Execution id="cee2889e-6d4f-413d-a22d-202d2e711ecb" />
      <TestMethod codeBase="D:/Jenkins/workspace/Vbi5Client-Release/source/TestCase/VBI.TestCases.DLL" adapterTypeName="Microsoft.VisualStudio.TestTools.TestTypes.Unit.UnitTestAdapter, Microsoft.VisualStudio.QualityTools.Tips.UnitTest.Adapter, Version=16.0.0.0, Culture=neutral, PublicKeyToken=b03f5f7f11d50a3a" className="VBI.TestCases.DataSourceTest.InterfaceSourceTest, VBI.TestCases, Version=1.0.0.0, Culture=neutral, PublicKeyToken=null" name="WebServiceTest" />
    </UnitTest>
    <UnitTest name="SameSheetRelevant" storage="..\vbi5client-release\\source\testcase\vbi.testcases.dll" id="9213992b-52a8-1af7-3cf1-870bcd771698">
      <Description>同表字段关联</Description>
      <Execution id="e2a8f060-1f9b-4702-9366-e435297afb48" />
      <TestMethod codeBase="D:/Jenkins/workspace/Vbi5Client-Release/source/TestCase/VBI.TestCases.DLL" adapterTypeName="Microsoft.VisualStudio.TestTools.TestTypes.Unit.UnitTestAdapter, Microsoft.VisualStudio.QualityTools.Tips.UnitTest.Adapter, Version=16.0.0.0, Culture=neutral, PublicKeyToken=b03f5f7f11d50a3a" className="VBI.TestCases.DataModleTest.DataModelRelevance, VBI.TestCases, Version=1.0.0.0, Culture=neutral, PublicKeyToken=null" name="SameSheetRelevant" />
    </UnitTest>
    <UnitTest name="ScreeningList1" storage="..\vbi5client-release\\source\testcase\vbi.testcases.dll" id="c3aceae4-5674-08bc-0ae3-eaeed12e6447">
      <Description>基础控件--筛选列表</Description>
      <Execution id="fa86f85a-c9ea-4c33-82d6-aa816d596102" />
      <TestMethod codeBase="D:/Jenkins/workspace/Vbi5Client-Release/source/TestCase/VBI.TestCases.DLL" adapterTypeName="Microsoft.VisualStudio.TestTools.TestTypes.Unit.UnitTestAdapter, Microsoft.VisualStudio.QualityTools.Tips.UnitTest.Adapter, Version=16.0.0.0, Culture=neutral, PublicKeyToken=b03f5f7f11d50a3a" className="VBI.TestCases.ControlTest.BaseControl, VBI.TestCases, Version=1.0.0.0, Culture=neutral, PublicKeyToken=null" name="ScreeningList1" />
    </UnitTest>
    <UnitTest name="Curve" storage="..\vbi5client-release\\source\testcase\vbi.testcases.dll" id="2ef9be58-e29a-1384-fa3c-0d81095a6364">
      <Description>基础控件--曲线图</Description>
      <Execution id="403e430e-1ae3-46dc-b5f8-fcffe0aff48e" />
      <TestMethod codeBase="D:/Jenkins/workspace/Vbi5Client-Release/source/TestCase/VBI.TestCases.DLL" adapterTypeName="Microsoft.VisualStudio.TestTools.TestTypes.Unit.UnitTestAdapter, Microsoft.VisualStudio.QualityTools.Tips.UnitTest.Adapter, Version=16.0.0.0, Culture=neutral, PublicKeyToken=b03f5f7f11d50a3a" className="VBI.TestCases.ControlTest.BasicChart, VBI.TestCases, Version=1.0.0.0, Culture=neutral, PublicKeyToken=null" name="Curve" />
    </UnitTest>
    <UnitTest name="LineShapeChart" storage="..\vbi5client-release\\source\testcase\vbi.testcases.dll" id="bc7789f9-83ba-7350-23e5-e38509200b68">
      <Description>基础控件--条形图</Description>
      <Execution id="b36c1949-0cc8-4381-a9bc-8d4df85c7f38" />
      <TestMethod codeBase="D:/Jenkins/workspace/Vbi5Client-Release/source/TestCase/VBI.TestCases.DLL" adapterTypeName="Microsoft.VisualStudio.TestTools.TestTypes.Unit.UnitTestAdapter, Microsoft.VisualStudio.QualityTools.Tips.UnitTest.Adapter, Version=16.0.0.0, Culture=neutral, PublicKeyToken=b03f5f7f11d50a3a" className="VBI.TestCases.ControlTest.BasicChart, VBI.TestCases, Version=1.0.0.0, Culture=neutral, PublicKeyToken=null" name="LineShapeChart" />
    </UnitTest>
    <UnitTest name="ScreeningList2" storage="..\vbi5client-release\\source\testcase\vbi.testcases.dll" id="3daa39f9-dd06-4e59-17c9-97909a3c2717">
      <Description>基础控件--筛选列表</Description>
      <Execution id="05cd7bde-fcad-4507-b257-20f37e7040e2" />
      <TestMethod codeBase="D:/Jenkins/workspace/Vbi5Client-Release/source/TestCase/VBI.TestCases.DLL" adapterTypeName="Microsoft.VisualStudio.TestTools.TestTypes.Unit.UnitTestAdapter, Microsoft.VisualStudio.QualityTools.Tips.UnitTest.Adapter, Version=16.0.0.0, Culture=neutral, PublicKeyToken=b03f5f7f11d50a3a" className="VBI.TestCases.ControlTest.BaseControl, VBI.TestCases, Version=1.0.0.0, Culture=neutral, PublicKeyToken=null" name="ScreeningList2" />
    </UnitTest>
    <UnitTest name="RestFulPreviewTest" storage="..\vbi5client-release\\source\testcase\vbi.testcases.dll" id="bac777cf-8cf5-5761-88f1-3c65f235970f">
      <Description>restful模型预览验证</Description>
      <Execution id="4207874f-00e0-43a6-9710-281524f20cd6" />
      <TestMethod codeBase="D:/Jenkins/workspace/Vbi5Client-Release/source/TestCase/VBI.TestCases.DLL" adapterTypeName="Microsoft.VisualStudio.TestTools.TestTypes.Unit.UnitTestAdapter, Microsoft.VisualStudio.QualityTools.Tips.UnitTest.Adapter, Version=16.0.0.0, Culture=neutral, PublicKeyToken=b03f5f7f11d50a3a" className="VBI.TestCases.DataModleTest.DataModelInterfaceTest, VBI.TestCases, Version=1.0.0.0, Culture=neutral, PublicKeyToken=null" name="RestFulPreviewTest" />
    </UnitTest>
    <UnitTest name="CustomColDiagram" storage="..\vbi5client-release\\source\testcase\vbi.testcases.dll" id="5223203b-1fc7-74f9-dc3a-f55dfe5efef6">
      <Description>综合图表--定制柱图</Description>
      <Execution id="427ae734-5efa-4bed-9518-b772115a53e7" />
      <TestMethod codeBase="D:/Jenkins/workspace/Vbi5Client-Release/source/TestCase/VBI.TestCases.DLL" adapterTypeName="Microsoft.VisualStudio.TestTools.TestTypes.Unit.UnitTestAdapter, Microsoft.VisualStudio.QualityTools.Tips.UnitTest.Adapter, Version=16.0.0.0, Culture=neutral, PublicKeyToken=b03f5f7f11d50a3a" className="VBI.TestCases.ControlTest.IntegratedChartUIControl, VBI.TestCases, Version=1.0.0.0, Culture=neutral, PublicKeyToken=null" name="CustomColDiagram" />
    </UnitTest>
    <UnitTest name="AreaChart2" storage="..\vbi5client-release\\source\testcase\vbi.testcases.dll" id="82334abc-cbe0-a8f1-bf31-a632e4c0ed89">
      <Description>基础控件--面积图2</Description>
      <Execution id="bc49532a-6686-4c2c-9432-089c97e71bbd" />
      <TestMethod codeBase="D:/Jenkins/workspace/Vbi5Client-Release/source/TestCase/VBI.TestCases.DLL" adapterTypeName="Microsoft.VisualStudio.TestTools.TestTypes.Unit.UnitTestAdapter, Microsoft.VisualStudio.QualityTools.Tips.UnitTest.Adapter, Version=16.0.0.0, Culture=neutral, PublicKeyToken=b03f5f7f11d50a3a" className="VBI.TestCases.ControlTest.BasicChart, VBI.TestCases, Version=1.0.0.0, Culture=neutral, PublicKeyToken=null" name="AreaChart2" />
    </UnitTest>
    <UnitTest name="RosePieChart1" storage="..\vbi5client-release\\source\testcase\vbi.testcases.dll" id="c51c77e9-937f-1070-1acb-66ce525b92c0">
      <Description>基础控件--玫瑰饼图新属性</Description>
      <Execution id="7834bb58-5053-4ac4-9f64-81867b6e3bd7" />
      <TestMethod codeBase="D:/Jenkins/workspace/Vbi5Client-Release/source/TestCase/VBI.TestCases.DLL" adapterTypeName="Microsoft.VisualStudio.TestTools.TestTypes.Unit.UnitTestAdapter, Microsoft.VisualStudio.QualityTools.Tips.UnitTest.Adapter, Version=16.0.0.0, Culture=neutral, PublicKeyToken=b03f5f7f11d50a3a" className="VBI.TestCases.ControlTest.BasicChart, VBI.TestCases, Version=1.0.0.0, Culture=neutral, PublicKeyToken=null" name="RosePieChart1" />
    </UnitTest>
    <UnitTest name="ProjectDelete" storage="..\vbi5client-release\\source\testcase\vbi.testcases.dll" id="e6501296-03d1-104b-08af-e8453b74cfec">
      <Description>项目删除</Description>
      <Execution id="244fc82a-0ff6-41a1-95f8-7a2a43e0983b" />
      <TestMethod codeBase="D:/Jenkins/workspace/Vbi5Client-Release/source/TestCase/VBI.TestCases.DLL" adapterTypeName="Microsoft.VisualStudio.TestTools.TestTypes.Unit.UnitTestAdapter, Microsoft.VisualStudio.QualityTools.Tips.UnitTest.Adapter, Version=16.0.0.0, Culture=neutral, PublicKeyToken=b03f5f7f11d50a3a" className="VBI.TestCases.CanvasTest.CanvasTest, VBI.TestCases, Version=1.0.0.0, Culture=neutral, PublicKeyToken=null" name="ProjectDelete" />
    </UnitTest>
    <UnitTest name="CustomFieldCreate" storage="..\vbi5client-release\\source\testcase\vbi.testcases.dll" id="7c57c358-8361-29d8-ac19-fbf77ee5b51f">
      <Description>带有空格的自定义字段处理</Description>
      <Execution id="768bf95a-19ea-4273-a272-c8ca4d2fb540" />
      <TestMethod codeBase="D:/Jenkins/workspace/Vbi5Client-Release/source/TestCase/VBI.TestCases.DLL" adapterTypeName="Microsoft.VisualStudio.TestTools.TestTypes.Unit.UnitTestAdapter, Microsoft.VisualStudio.QualityTools.Tips.UnitTest.Adapter, Version=16.0.0.0, Culture=neutral, PublicKeyToken=b03f5f7f11d50a3a" className="VBI.TestCases.DataModleTest.DataModelRelevance, VBI.TestCases, Version=1.0.0.0, Culture=neutral, PublicKeyToken=null" name="CustomFieldCreate" />
    </UnitTest>
    <UnitTest name="CustomFieldCreate1" storage="..\vbi5client-release\\source\testcase\vbi.testcases.dll" id="a0e39e84-8121-29e6-d648-1d0d3e5c5631">
      <Description>创建多个自定义字段</Description>
      <Execution id="0ce0ac2b-32aa-4cf9-ab36-78eeab800233" />
      <TestMethod codeBase="D:/Jenkins/workspace/Vbi5Client-Release/source/TestCase/VBI.TestCases.DLL" adapterTypeName="Microsoft.VisualStudio.TestTools.TestTypes.Unit.UnitTestAdapter, Microsoft.VisualStudio.QualityTools.Tips.UnitTest.Adapter, Version=16.0.0.0, Culture=neutral, PublicKeyToken=b03f5f7f11d50a3a" className="VBI.TestCases.DataModleTest.DataModelRelevance, VBI.TestCases, Version=1.0.0.0, Culture=neutral, PublicKeyToken=null" name="CustomFieldCreate1" />
    </UnitTest>
    <UnitTest name="DataAxis1" storage="..\vbi5client-release\\source\testcase\vbi.testcases.dll" id="bb3bb86f-6cc0-372a-a459-464faea83698">
      <Description>基础控件--数据轴</Description>
      <Execution id="265cee70-79ec-44d4-935e-0bb5cde128a7" />
      <TestMethod codeBase="D:/Jenkins/workspace/Vbi5Client-Release/source/TestCase/VBI.TestCases.DLL" adapterTypeName="Microsoft.VisualStudio.TestTools.TestTypes.Unit.UnitTestAdapter, Microsoft.VisualStudio.QualityTools.Tips.UnitTest.Adapter, Version=16.0.0.0, Culture=neutral, PublicKeyToken=b03f5f7f11d50a3a" className="VBI.TestCases.ControlTest.BaseControl, VBI.TestCases, Version=1.0.0.0, Culture=neutral, PublicKeyToken=null" name="DataAxis1" />
    </UnitTest>
    <UnitTest name="OracleRelevant" storage="..\vbi5client-release\\source\testcase\vbi.testcases.dll" id="9e2cb91e-0a33-86ef-9a2c-65815f9e45cf">
      <Description>Oracle同数据源多表采集预览</Description>
      <Execution id="f32d37a9-3892-4cb1-8d58-763497b07ba4" />
      <TestMethod codeBase="D:/Jenkins/workspace/Vbi5Client-Release/source/TestCase/VBI.TestCases.DLL" adapterTypeName="Microsoft.VisualStudio.TestTools.TestTypes.Unit.UnitTestAdapter, Microsoft.VisualStudio.QualityTools.Tips.UnitTest.Adapter, Version=16.0.0.0, Culture=neutral, PublicKeyToken=b03f5f7f11d50a3a" className="VBI.TestCases.DataModleTest.DataModelRelevance, VBI.TestCases, Version=1.0.0.0, Culture=neutral, PublicKeyToken=null" name="OracleRelevant" />
    </UnitTest>
    <UnitTest name="PictureModify" storage="..\vbi5client-release\\source\testcase\vbi.testcases.dll" id="6c89cba9-56cb-fdd6-be36-b2128f9abe1c">
      <Description>画面修改</Description>
      <Execution id="e9dfbff7-8416-4584-8fe6-120e803f6447" />
[...]
      <Output>
        <ErrorInfo>
          <Message>Assembly Initialization method AI.VisualDesigner.TestCases.AssemblyProcess.Assembly_Initialize threw exception. System.IO.FileNotFoundException: System.IO.FileNotFoundException: 未能找到文件“D:\Jenkins\workspace\Vbi5Client-Release\UITest_UITEST-PC 2019-04-17 17_48_36\Out\Config.xml”。. Aborting test execution.</Message>
          <StackTrace>    在 System.IO.__Error.WinIOError(Int32 errorCode, String maybeFullPath)
   在 System.IO.FileStream.Init(String path, FileMode mode, FileAccess access, Int32 rights, Boolean useRights, FileShare share, Int32 bufferSize, FileOptions options, SECURITY_ATTRIBUTES secAttrs, String msgPath, Boolean bFromProxy, Boolean useLongPath, Boolean checkHost)
   在 System.IO.FileStream..ctor(String path, FileMode mode, FileAccess access, FileShare share, Int32 bufferSize)
   在 System.Xml.XmlDownloadManager.GetStream(Uri uri, ICredentials credentials, IWebProxy proxy, RequestCachePolicy cachePolicy)
   在 System.Xml.XmlUrlResolver.GetEntity(Uri absoluteUri, String role, Type ofObjectToReturn)
   在 System.Xml.XmlTextReaderImpl.FinishInitUriString()
   在 System.Xml.XmlTextReaderImpl..ctor(String uriStr, XmlReaderSettings settings, XmlParserContext context, XmlResolver uriResolver)
   在 System.Xml.XmlReaderSettings.CreateReader(String inputUri, XmlParserContext inputContext)
   在 System.Xml.XmlReader.Create(String inputUri, XmlReaderSettings settings, XmlParserContext inputContext)
   在 System.Xml.Linq.XElement.Load(String uri, LoadOptions options)
   在 System.Xml.Linq.XElement.Load(String uri)
   在 VBI.BusinessLogic.Config.ParseFile(String fileName)
   在 AI.VisualDesigner.TestCases.AssemblyProcess.Assembly_Initialize(TestContext testContext)
</StackTrace>
        </ErrorInfo>
      </Output>
    </UnitTestResult>
    <UnitTestResult executionId="3814c9e9-3f2f-450e-bdb4-493e89c23989" testId="d5d204de-ca0a-99f2-ba50-3aff42429d9a" testName="DB2" computerName="UITEST-PC" startTime="2019-04-17T17:48:37.4489598+08:00" endTime="2019-04-17T17:48:37.4489598+08:00" testType="13cdc9d9-ddb5-4fa4-a97d-d965ccfc6d4b" outcome="Failed" testListId="8c84fa94-04c1-424b-9868-57a2d4851a1d" relativeResultsDirectory="3814c9e9-3f2f-450e-bdb4-493e89c23989">
      <Output>
        <ErrorInfo>
          <Message>Assembly Initialization method AI.VisualDesigner.TestCases.AssemblyProcess.Assembly_Initialize threw exception. System.IO.FileNotFoundException: System.IO.FileNotFoundException: 未能找到文件“D:\Jenkins\workspace\Vbi5Client-Release\UITest_UITEST-PC 2019-04-17 17_48_36\Out\Config.xml”。. Aborting test execution.</Message>
          <StackTrace>    在 System.IO.__Error.WinIOError(Int32 errorCode, String maybeFullPath)
   在 System.IO.FileStream.Init(String path, FileMode mode, FileAccess access, Int32 rights, Boolean useRights, FileShare share, Int32 bufferSize, FileOptions options, SECURITY_ATTRIBUTES secAttrs, String msgPath, Boolean bFromProxy, Boolean useLongPath, Boolean checkHost)
   在 System.IO.FileStream..ctor(String path, FileMode mode, FileAccess access, FileShare share, Int32 bufferSize)
   在 System.Xml.XmlDownloadManager.GetStream(Uri uri, ICredentials credentials, IWebProxy proxy, RequestCachePolicy cachePolicy)
   在 System.Xml.XmlUrlResolver.GetEntity(Uri absoluteUri, String role, Type ofObjectToReturn)
   在 System.Xml.XmlTextReaderImpl.FinishInitUriString()
   在 System.Xml.XmlTextReaderImpl..ctor(String uriStr, XmlReaderSettings settings, XmlParserContext context, XmlResolver uriResolver)
   在 System.Xml.XmlReaderSettings.CreateReader(String inputUri, XmlParserContext inputContext)
   在 System.Xml.XmlReader.Create(String inputUri, XmlReaderSettings settings, XmlParserContext inputContext)
   在 System.Xml.Linq.XElement.Load(String uri, LoadOptions options)
   在 System.Xml.Linq.XElement.Load(String uri)
   在 VBI.BusinessLogic.Config.ParseFile(String fileName)
   在 AI.VisualDesigner.TestCases.AssemblyProcess.Assembly_Initialize(TestContext testContext)
</StackTrace>
        </ErrorInfo>
      </Output>
    </UnitTestResult>
    <UnitTestResult executionId="bfd744f6-6748-4a37-93d6-97b4baecf8eb" testId="f8cb4645-46c1-04c8-6427-3b979d9384db" testName="KingBase" computerName="UITEST-PC" startTime="2019-04-17T17:48:37.4489598+08:00" endTime="2019-04-17T17:48:37.4489598+08:00" testType="13cdc9d9-ddb5-4fa4-a97d-d965ccfc6d4b" outcome="Failed" testListId="8c84fa94-04c1-424b-9868-57a2d4851a1d" relativeResultsDirectory="bfd744f6-6748-4a37-93d6-97b4baecf8eb">
      <Output>
        <ErrorInfo>
          <Message>Assembly Initialization method AI.VisualDesigner.TestCases.AssemblyProcess.Assembly_Initialize threw exception. System.IO.FileNotFoundException: System.IO.FileNotFoundException: 未能找到文件“D:\Jenkins\workspace\Vbi5Client-Release\UITest_UITEST-PC 2019-04-17 17_48_36\Out\Config.xml”。. Aborting test execution.</Message>
          <StackTrace>    在 System.IO.__Error.WinIOError(Int32 errorCode, String maybeFullPath)
   在 System.IO.FileStream.Init(String path, FileMode mode, FileAccess access, Int32 rights, Boolean useRights, FileShare share, Int32 bufferSize, FileOptions options, SECURITY_ATTRIBUTES secAttrs, String msgPath, Boolean bFromProxy, Boolean useLongPath, Boolean checkHost)
   在 System.IO.FileStream..ctor(String path, FileMode mode, FileAccess access, FileShare share, Int32 bufferSize)
   在 System.Xml.XmlDownloadManager.GetStream(Uri uri, ICredentials credentials, IWebProxy proxy, RequestCachePolicy cachePolicy)
   在 System.Xml.XmlUrlResolver.GetEntity(Uri absoluteUri, String role, Type ofObjectToReturn)
   在 System.Xml.XmlTextReaderImpl.FinishInitUriString()
   在 System.Xml.XmlTextReaderImpl..ctor(String uriStr, XmlReaderSettings settings, XmlParserContext context, XmlResolver uriResolver)
   在 System.Xml.XmlReaderSettings.CreateReader(String inputUri, XmlParserContext inputContext)
   在 System.Xml.XmlReader.Create(String inputUri, XmlReaderSettings settings, XmlParserContext inputContext)
   在 System.Xml.Linq.XElement.Load(String uri, LoadOptions options)
   在 System.Xml.Linq.XElement.Load(String uri)
   在 VBI.BusinessLogic.Config.ParseFile(String fileName)
   在 AI.VisualDesigner.TestCases.AssemblyProcess.Assembly_Initialize(TestContext testContext)
</StackTrace>
        </ErrorInfo>
      </Output>
    </UnitTestResult>
    <UnitTestResult executionId="00bd0301-8766-4743-8000-da38f0424254" testId="f5cf74c0-cf93-bbd4-59e8-55fd524f6e9c" testName="MysqlSQLCreatTest" computerName="UITEST-PC" startTime="2019-04-17T17:48:37.4489598+08:00" endTime="2019-04-17T17:48:37.4489598+08:00" testType="13cdc9d9-ddb5-4fa4-a97d-d965ccfc6d4b" outcome="Failed" testListId="8c84fa94-04c1-424b-9868-57a2d4851a1d" relativeResultsDirectory="00bd0301-8766-4743-8000-da38f0424254">
      <Output>
        <ErrorInfo>
          <Message>Assembly Initialization method AI.VisualDesigner.TestCases.AssemblyProcess.Assembly_Initialize threw exception. System.IO.FileNotFoundException: System.IO.FileNotFoundException: 未能找到文件“D:\Jenkins\workspace\Vbi5Client-Release\UITest_UITEST-PC 2019-04-17 17_48_36\Out\Config.xml”。. Aborting test execution.</Message>
          <StackTrace>    在 System.IO.__Error.WinIOError(Int32 errorCode, String maybeFullPath)
   在 System.IO.FileStream.Init(String path, FileMode mode, FileAccess access, Int32 rights, Boolean useRights, FileShare share, Int32 bufferSize, FileOptions options, SECURITY_ATTRIBUTES secAttrs, String msgPath, Boolean bFromProxy, Boolean useLongPath, Boolean checkHost)
   在 System.IO.FileStream..ctor(String path, FileMode mode, FileAccess access, FileShare share, Int32 bufferSize)
   在 System.Xml.XmlDownloadManager.GetStream(Uri uri, ICredentials credentials, IWebProxy proxy, RequestCachePolicy cachePolicy)
   在 System.Xml.XmlUrlResolver.GetEntity(Uri absoluteUri, String role, Type ofObjectToReturn)
   在 System.Xml.XmlTextReaderImpl.FinishInitUriString()
   在 System.Xml.XmlTextReaderImpl..ctor(String uriStr, XmlReaderSettings settings, XmlParserContext context, XmlResolver uriResolver)
   在 System.Xml.XmlReaderSettings.CreateReader(String inputUri, XmlParserContext inputContext)
   在 System.Xml.XmlReader.Create(String inputUri, XmlReaderSettings settings, XmlParserContext inputContext)
   在 System.Xml.Linq.XElement.Load(String uri, LoadOptions options)
   在 System.Xml.Linq.XElement.Load(String uri)
   在 VBI.BusinessLogic.Config.ParseFile(String fileName)
   在 AI.VisualDesigner.TestCases.AssemblyProcess.Assembly_Initialize(TestContext testContext)
</StackTrace>
        </ErrorInfo>
      </Output>
    </UnitTestResult>
    <UnitTestResult executionId="f8c32290-a28e-433d-af95-4ef6d92e51b5" testId="0ffdad0e-c85c-a746-a26e-f0eda3c21a5e" testName="OracleCreatTest" computerName="UITEST-PC" startTime="2019-04-17T17:48:37.4645797+08:00" endTime="2019-04-17T17:48:37.4645797+08:00" testType="13cdc9d9-ddb5-4fa4-a97d-d965ccfc6d4b" outcome="Failed" testListId="8c84fa94-04c1-424b-9868-57a2d4851a1d" relativeResultsDirectory="f8c32290-a28e-433d-af95-4ef6d92e51b5">
      <Output>
        <ErrorInfo>
          <Message>Assembly Initialization method AI.VisualDesigner.TestCases.AssemblyProcess.Assembly_Initialize threw exception. System.IO.FileNotFoundException: System.IO.FileNotFoundException: 未能找到文件“D:\Jenkins\workspace\Vbi5Client-Release\UITest_UITEST-PC 2019-04-17 17_48_36\Out\Config.xml”。. Aborting test execution.</Message>
          <StackTrace>    在 System.IO.__Error.WinIOError(Int32 errorCode, String maybeFullPath)
   在 System.IO.FileStream.Init(String path, FileMode mode, FileAccess access, Int32 rights, Boolean useRights, FileShare share, Int32 bufferSize, FileOptions options, SECURITY_ATTRIBUTES secAttrs, String msgPath, Boolean bFromProxy, Boolean useLongPath, Boolean checkHost)
   在 System.IO.FileStream..ctor(String path, FileMode mode, FileAccess access, FileShare share, Int32 bufferSize)
   在 System.Xml.XmlDownloadManager.GetStream(Uri uri, ICredentials credentials, IWebProxy proxy, RequestCachePolicy cachePolicy)
   在 System.Xml.XmlUrlResolver.GetEntity(Uri absoluteUri, String role, Type ofObjectToReturn)
   在 System.Xml.XmlTextReaderImpl.FinishInitUriString()
   在 System.Xml.XmlTextReaderImpl..ctor(String uriStr, XmlReaderSettings settings, XmlParserContext context, XmlResolver uriResolver)
   在 System.Xml.XmlReaderSettings.CreateReader(String inputUri, XmlParserContext inputContext)
   在 System.Xml.XmlReader.Create(String inputUri, XmlReaderSettings settings, XmlParserContext inputContext)
   在 System.Xml.Linq.XElement.Load(String uri, LoadOptions options)
   在 System.Xml.Linq.XElement.Load(String uri)
   在 VBI.BusinessLogic.Config.ParseFile(String fileName)
   在 AI.VisualDesigner.TestCases.AssemblyProcess.Assembly_Initialize(TestContext testContext)
</StackTrace>
        </ErrorInfo>
      </Output>
    </UnitTestResult>
    <UnitTestResult executionId="b628d97a-51d5-432a-a5b9-f719989265e1" testId="898af356-fa9f-5ceb-f68d-6c89ed4e3e1a" testName="PostSql" computerName="UITEST-PC" startTime="2019-04-17T17:48:37.4645797+08:00" endTime="2019-04-17T17:48:37.4645797+08:00" testType="13cdc9d9-ddb5-4fa4-a97d-d965ccfc6d4b" outcome="Failed" testListId="8c84fa94-04c1-424b-9868-57a2d4851a1d" relativeResultsDirectory="b628d97a-51d5-432a-a5b9-f719989265e1">
      <Output>
        <ErrorInfo>
          <Message>Assembly Initialization method AI.VisualDesigner.TestCases.AssemblyProcess.Assembly_Initialize threw exception. System.IO.FileNotFoundException: System.IO.FileNotFoundException: 未能找到文件“D:\Jenkins\workspace\Vbi5Client-Release\UITest_UITEST-PC 2019-04-17 17_48_36\Out\Config.xml”。. Aborting test execution.</Message>
          <StackTrace>    在 System.IO.__Error.WinIOError(Int32 errorCode, String maybeFullPath)
   在 System.IO.FileStream.Init(String path, FileMode mode, FileAccess access, Int32 rights, Boolean useRights, FileShare share, Int32 bufferSize, FileOptions options, SECURITY_ATTRIBUTES secAttrs, String msgPath, Boolean bFromProxy, Boolean useLongPath, Boolean checkHost)
   在 System.IO.FileStream..ctor(String path, FileMode mode, FileAccess access, FileShare share, Int32 bufferSize)
   在 System.Xml.XmlDownloadManager.GetStream(Uri uri, ICredentials credentials, IWebProxy proxy, RequestCachePolicy cachePolicy)
   在 System.Xml.XmlUrlResolver.GetEntity(Uri absoluteUri, String role, Type ofObjectToReturn)
   在 System.Xml.XmlTextReaderImpl.FinishInitUriString()
   在 System.Xml.XmlTextReaderImpl..ctor(String uriStr, XmlReaderSettings settings, XmlParserContext context, XmlResolver uriResolver)
   在 System.Xml.XmlReaderSettings.CreateReader(String inputUri, XmlParserContext inputContext)
   在 System.Xml.XmlReader.Create(String inputUri, XmlReaderSettings settings, XmlParserContext inputContext)
   在 System.Xml.Linq.XElement.Load(String uri, LoadOptions options)
   在 System.Xml.Linq.XElement.Load(String uri)
   在 VBI.BusinessLogic.Config.ParseFile(String fileName)
   在 AI.VisualDesigner.TestCases.AssemblyProcess.Assembly_Initialize(TestContext testContext)
</StackTrace>
        </ErrorInfo>
      </Output>
    </UnitTestResult>
    <UnitTestResult executionId="d5b74cb5-2e2d-4707-848d-a42a99bdbdd6" testId="9b21bcfe-5793-fe4c-c043-c0bd80ba68e3" testName="SQLserver" computerName="UITEST-PC" startTime="2019-04-17T17:48:37.4645797+08:00" endTime="2019-04-17T17:48:37.4645797+08:00" testType="13cdc9d9-ddb5-4fa4-a97d-d965ccfc6d4b" outcome="Failed" testListId="8c84fa94-04c1-424b-9868-57a2d4851a1d" relativeResultsDirectory="d5b74cb5-2e2d-4707-848d-a42a99bdbdd6">
      <Output>
        <ErrorInfo>
          <Message>Assembly Initialization method AI.VisualDesigner.TestCases.AssemblyProcess.Assembly_Initialize threw exception. System.IO.FileNotFoundException: System.IO.FileNotFoundException: 未能找到文件“D:\Jenkins\workspace\Vbi5Client-Release\UITest_UITEST-PC 2019-04-17 17_48_36\Out\Config.xml”。. Aborting test execution.</Message>
          <StackTrace>    在 System.IO.__Error.WinIOError(Int32 errorCode, String maybeFullPath)
   在 System.IO.FileStream.Init(String path, FileMode mode, FileAccess access, Int32 rights, Boolean useRights, FileShare share, Int32 bufferSize, FileOptions options, SECURITY_ATTRIBUTES secAttrs, String msgPath, Boolean bFromProxy, Boolean useLongPath, Boolean checkHost)
   在 System.IO.FileStream..ctor(String path, FileMode mode, FileAccess access, FileShare share, Int32 bufferSize)
   在 System.Xml.XmlDownloadManager.GetStream(Uri uri, ICredentials credentials, IWebProxy proxy, RequestCachePolicy cachePolicy)
   在 System.Xml.XmlUrlResolver.GetEntity(Uri absoluteUri, String role, Type ofObjectToReturn)
   在 System.Xml.XmlTextReaderImpl.FinishInitUriString()
   在 System.Xml.XmlTextReaderImpl..ctor(String uriStr, XmlReaderSettings settings, XmlParserContext context, XmlResolver uriResolver)
   在 System.Xml.XmlReaderSettings.CreateReader(String inputUri, XmlParserContext inputContext)
   在 System.Xml.XmlReader.Create(String inputUri, XmlReaderSettings settings, XmlParserContext inputContext)
   在 System.Xml.Linq.XElement.Load(String uri, LoadOptions options)
   在 System.Xml.Linq.XElement.Load(String uri)
   在 VBI.BusinessLogic.Config.ParseFile(String fileName)
   在 AI.VisualDesigner.TestCases.AssemblyProcess.Assembly_Initialize(TestContext testContext)
</StackTrace>
        </ErrorInfo>
      </Output>
    </UnitTestResult>
    <UnitTestResult executionId="bfebf26f-30df-4276-99a2-072c6b17c406" testId="96a17986-14ab-1d1a-0fbd-db82ba367ec9" testName="SyBase" computerName="UITEST-PC" startTime="2019-04-17T17:48:37.4645797+08:00" endTime="2019-04-17T17:48:37.4645797+08:00" testType="13cdc9d9-ddb5-4fa4-a97d-d965ccfc6d4b" outcome="Failed" testListId="8c84fa94-04c1-424b-9868-57a2d4851a1d" relativeResultsDirectory="bfebf26f-30df-4276-99a2-072c6b17c406">
      <Output>
        <ErrorInfo>
          <Message>Assembly Initialization method AI.VisualDesigner.TestCases.AssemblyProcess.Assembly_Initialize threw exception. System.IO.FileNotFoundException: System.IO.FileNotFoundException: 未能找到文件“D:\Jenkins\workspace\Vbi5Client-Release\UITest_UITEST-PC 2019-04-17 17_48_36\Out\Config.xml”。. Aborting test execution.</Message>
          <StackTrace>    在 System.IO.__Error.WinIOError(Int32 errorCode, String maybeFullPath)
   在 System.IO.FileStream.Init(String path, FileMode mode, FileAccess access, Int32 rights, Boolean useRights, FileShare share, Int32 bufferSize, FileOptions options, SECURITY_ATTRIBUTES secAttrs, String msgPath, Boolean bFromProxy, Boolean useLongPath, Boolean checkHost)
   在 System.IO.FileStream..ctor(String path, FileMode mode, FileAccess access, FileShare share, Int32 bufferSize)
   在 System.Xml.XmlDownloadManager.GetStream(Uri uri, ICredentials credentials, IWebProxy proxy, RequestCachePolicy cachePolicy)
   在 System.Xml.XmlUrlResolver.GetEntity(Uri absoluteUri, String role, Type ofObjectToReturn)
   在 System.Xml.XmlTextReaderImpl.FinishInitUriString()
   在 System.Xml.XmlTextReaderImpl..ctor(String uriStr, XmlReaderSettings settings, XmlParserContext context, XmlResolver uriResolver)
   在 System.Xml.XmlReaderSettings.CreateReader(String inputUri, XmlParserContext inputContext)
   在 System.Xml.XmlReader.Create(String inputUri, XmlReaderSettings settings, XmlParserContext inputContext)
   在 System.Xml.Linq.XElement.Load(String uri, LoadOptions options)
   在 System.Xml.Linq.XElement.Load(String uri)
   在 VBI.BusinessLogic.Config.ParseFile(String fileName)
   在 AI.VisualDesigner.TestCases.AssemblyProcess.Assembly_Initialize(TestContext testContext)
</StackTrace>
        </ErrorInfo>
      </Output>
    </UnitTestResult>
    <UnitTestResult executionId="61d5727f-f573-4935-973d-928b5d4130d2" testId="b726cb25-5e2b-65bf-ad7a-b02afa9abace" testName="SearchOpenCanvas" computerName="UITEST-PC" startTime="2019-04-17T17:48:37.4645797+08:00" endTime="2019-04-17T17:48:37.4645797+08:00" testType="13cdc9d9-ddb5-4fa4-a97d-d965ccfc6d4b" outcome="Failed" testListId="8c84fa94-04c1-424b-9868-57a2d4851a1d" relativeResultsDirectory="61d5727f-f573-4935-973d-928b5d4130d2">
      <Output>
        <ErrorInfo>
          <Message>Assembly Initialization method AI.VisualDesigner.TestCases.AssemblyProcess.Assembly_Initialize threw exception. System.IO.FileNotFoundException: System.IO.FileNotFoundException: 未能找到文件“D:\Jenkins\workspace\Vbi5Client-Release\UITest_UITEST-PC 2019-04-17 17_48_36\Out\Config.xml”。. Aborting test execution.</Message>
          <StackTrace>    在 System.IO.__Error.WinIOError(Int32 errorCode, String maybeFullPath)
   在 System.IO.FileStream.Init(String path, FileMode mode, FileAccess access, Int32 rights, Boolean useRights, FileShare share, Int32 bufferSize, FileOptions options, SECURITY_ATTRIBUTES secAttrs, String msgPath, Boolean bFromProxy, Boolean useLongPath, Boolean checkHost)
   在 System.IO.FileStream..ctor(String path, FileMode mode, FileAccess access, FileShare share, Int32 bufferSize)
   在 System.Xml.XmlDownloadManager.GetStream(Uri uri, ICredentials credentials, IWebProxy proxy, RequestCachePolicy cachePolicy)
   在 System.Xml.XmlUrlResolver.GetEntity(Uri absoluteUri, String role, Type ofObjectToReturn)
   在 System.Xml.XmlTextReaderImpl.FinishInitUriString()
   在 System.Xml.XmlTextReaderImpl..ctor(String uriStr, XmlReaderSettings settings, XmlParserContext context, XmlResolver uriResolver)
   在 System.Xml.XmlReaderSettings.CreateReader(String inputUri, XmlParserContext inputContext)
   在 System.Xml.XmlReader.Create(String inputUri, XmlReaderSettings settings, XmlParserContext inputContext)
   在 System.Xml.Linq.XElement.Load(String uri, LoadOptions options)
   在 System.Xml.Linq.XElement.Load(String uri)
   在 VBI.BusinessLogic.Config.ParseFile(String fileName)
   在 AI.VisualDesigner.TestCases.AssemblyProcess.Assembly_Initialize(TestContext testContext)
</StackTrace>
        </ErrorInfo>
      </Output>
    </UnitTestResult>
  </Results>
</TestRun>